{"logTime": "1213/161225", "correlationVector":"cvUCSgldy0v7/LNniSl21+.1","action":"SyncServerConnectionManagerRequest", "result":"SYNC_SERVER_OK", "context":{"environment":"Prod_southeastasia_prod-s01-064-apac-southeastasia", "migrationStage":"NotStarted", "server":"akswtt003000027"}}
{"logTime": "1213/161226", "correlationVector":"YDLqXbeuTxSxAvo53PGkvb","action":"SyncServerConnectionManagerRequest", "result":"SYNC_SERVER_OK", "context":{"environment":"", "migrationStage":"", "server":""}}
{"logTime": "1213/161226", "correlationVector":"cvUCSgldy0v7/LNniSl21+","action":"Initial GetUpdates", "result":"", "context":Reason: NEW_CLIENT. cV=cvUCSgldy0v7/LNniSl21+}
{"logTime": "1213/161226", "correlationVector":"cvUCSgldy0v7/LNniSl21+.2","action":"GetUpdates Response", "result":"Success", "context":Received 1 update(s). cV=cvUCSgldy0v7/LNniSl21+.0;server=akswtt003000027;cloudType=Consumer;environment=Prod_southeastasia_prod-s01-064-apac-southeastasia;migrationStage=NotStarted}
{"logTime": "1213/161226", "correlationVector":"8tNpdws7HsvCnEJWKkXRoB","action":"Initial GetUpdates", "result":"", "context":Reason: NEWLY_SUPPORTED_DATATYPE. cV=8tNpdws7HsvCnEJWKkXRoB}
{"logTime": "1213/161227", "correlationVector":"8tNpdws7HsvCnEJWKkXRoB.1","action":"SyncServerConnectionManagerRequest", "result":"SYNC_SERVER_OK", "context":{"environment":"Prod_southeastasia_prod-s01-064-apac-southeastasia", "migrationStage":"NotStarted", "server":"akswtt00300000b"}}
{"logTime": "1213/161227", "correlationVector":"8tNpdws7HsvCnEJWKkXRoB.2","action":"GetUpdates Response", "result":"Success", "context":Received 47 update(s). cV=8tNpdws7HsvCnEJWKkXRoB.0;server=akswtt00300000b;cloudType=Consumer;environment=Prod_southeastasia_prod-s01-064-apac-southeastasia;migrationStage=NotStarted}
{"logTime": "1213/161227", "correlationVector":"q9klfDEtxcq91WHZSKKcKd","action":"Initial GetUpdates", "result":"", "context":Reason: NEWLY_SUPPORTED_DATATYPE. cV=q9klfDEtxcq91WHZSKKcKd}
{"logTime": "1213/161228", "correlationVector":"q9klfDEtxcq91WHZSKKcKd.1","action":"SyncServerConnectionManagerRequest", "result":"SYNC_SERVER_OK", "context":{"environment":"Prod_southeastasia_prod-s01-064-apac-southeastasia", "migrationStage":"NotStarted", "server":"akswtt00300002u"}}
{"logTime": "1213/161228", "correlationVector":"q9klfDEtxcq91WHZSKKcKd.2","action":"GetUpdates Response", "result":"Success", "context":Received 5 update(s). cV=q9klfDEtxcq91WHZSKKcKd.0;server=akswtt00300002u;cloudType=Consumer;environment=Prod_southeastasia_prod-s01-064-apac-southeastasia;migrationStage=NotStarted}
{"logTime": "1213/161228", "correlationVector":"B0+HIv1Y+vHxvE25Ykg2Jr","action":"Initial GetUpdates", "result":"", "context":Reason: NEWLY_SUPPORTED_DATATYPE. cV=B0+HIv1Y+vHxvE25Ykg2Jr}
{"logTime": "1213/161229", "correlationVector":"B0+HIv1Y+vHxvE25Ykg2Jr.1","action":"SyncServerConnectionManagerRequest", "result":"SYNC_SERVER_OK", "context":{"environment":"Prod_southeastasia_prod-s01-064-apac-southeastasia", "migrationStage":"NotStarted", "server":"akswtt00300001x"}}
{"logTime": "1213/161229", "correlationVector":"B0+HIv1Y+vHxvE25Ykg2Jr.2","action":"GetUpdates", "result":"DeleteReceived", "context":{"id":"df9d280a-a7aa-4c79-a052-9d145b452808", "isDeleted:":"true", "version":"1731933536511"}}
{"logTime": "1213/161229", "correlationVector":"B0+HIv1Y+vHxvE25Ykg2Jr.3","action":"GetUpdates", "result":"DeleteReceived", "context":{"id":"ff01e48e-4095-4e0f-9c5c-6840bfbb2f97", "isDeleted:":"true", "version":"1732034775863"}}
{"logTime": "1213/161229", "correlationVector":"B0+HIv1Y+vHxvE25Ykg2Jr.4","action":"GetUpdates", "result":"DeleteReceived", "context":{"id":"ece2fe0d-2491-4b11-bf6d-782f73ab917c", "isDeleted:":"true", "version":"1732037587143"}}
{"logTime": "1213/161229", "correlationVector":"B0+HIv1Y+vHxvE25Ykg2Jr.5","action":"GetUpdates", "result":"DeleteReceived", "context":{"id":"2028e140-b980-4d60-ba39-b40360265688", "isDeleted:":"true", "version":"1732077953175"}}
{"logTime": "1213/161229", "correlationVector":"B0+HIv1Y+vHxvE25Ykg2Jr.6","action":"GetUpdates", "result":"DeleteReceived", "context":{"id":"58e8bfc8-3b5f-4e47-8aef-84b66d723a13", "isDeleted:":"true", "version":"1732077953178"}}
{"logTime": "1213/161229", "correlationVector":"B0+HIv1Y+vHxvE25Ykg2Jr.7","action":"GetUpdates", "result":"DeleteReceived", "context":{"id":"aa7381f1-f47a-43a3-a286-626e7c992671", "isDeleted:":"true", "version":"1732077953179"}}
{"logTime": "1213/161229", "correlationVector":"B0+HIv1Y+vHxvE25Ykg2Jr.8","action":"GetUpdates", "result":"DeleteReceived", "context":{"id":"03fcb85b-6edb-4130-8b56-50d443ababca", "isDeleted:":"true", "version":"1732078663104"}}
{"logTime": "1213/161229", "correlationVector":"B0+HIv1Y+vHxvE25Ykg2Jr.9","action":"GetUpdates", "result":"DeleteReceived", "context":{"id":"a50ba757-d906-40ff-bb3c-f448fe034e49", "isDeleted:":"true", "version":"1732078663105"}}
{"logTime": "1213/161229", "correlationVector":"B0+HIv1Y+vHxvE25Ykg2Jr.10","action":"GetUpdates", "result":"DeleteReceived", "context":{"id":"3f9a5c95-346e-4c68-a546-fcbe2ee21436", "isDeleted:":"true", "version":"1732114052202"}}
{"logTime": "1213/161229", "correlationVector":"B0+HIv1Y+vHxvE25Ykg2Jr.11","action":"GetUpdates", "result":"DeleteReceived", "context":{"id":"7d41e28f-3c7b-4d35-a1ea-b0927a7e081a", "isDeleted:":"true", "version":"1732114523833"}}
{"logTime": "1213/161229", "correlationVector":"B0+HIv1Y+vHxvE25Ykg2Jr.12","action":"GetUpdates", "result":"DeleteReceived", "context":{"id":"08f47db2-2318-4843-9f4d-9512e7d5b3cb", "isDeleted:":"true", "version":"1732117870525"}}
{"logTime": "1213/161229", "correlationVector":"B0+HIv1Y+vHxvE25Ykg2Jr.13","action":"GetUpdates", "result":"DeleteReceived", "context":{"id":"ac1cf246-16b5-4c31-8a80-e96cbea48050", "isDeleted:":"true", "version":"1732164878050"}}
{"logTime": "1213/161229", "correlationVector":"B0+HIv1Y+vHxvE25Ykg2Jr.14","action":"GetUpdates", "result":"DeleteReceived", "context":{"id":"65e72405-e950-4e82-be28-b42dded74383", "isDeleted:":"true", "version":"1732164878051"}}
{"logTime": "1213/161229", "correlationVector":"B0+HIv1Y+vHxvE25Ykg2Jr.15","action":"GetUpdates", "result":"DeleteReceived", "context":{"id":"17b2fff3-d590-4c70-964e-beefde7fd0e1", "isDeleted:":"true", "version":"1732171062852"}}
{"logTime": "1213/161229", "correlationVector":"B0+HIv1Y+vHxvE25Ykg2Jr.16","action":"GetUpdates", "result":"DeleteReceived", "context":{"id":"7a4da7ba-f306-45ec-bfed-bc2ba8c2977d", "isDeleted:":"true", "version":"1732283484063"}}
{"logTime": "1213/161229", "correlationVector":"B0+HIv1Y+vHxvE25Ykg2Jr.17","action":"GetUpdates", "result":"DeleteReceived", "context":{"id":"734c124b-8d41-4234-bdd8-4867f566e1a8", "isDeleted:":"true", "version":"1732283484067"}}
{"logTime": "1213/161229", "correlationVector":"B0+HIv1Y+vHxvE25Ykg2Jr.18","action":"GetUpdates", "result":"DeleteReceived", "context":{"id":"cc5af8a1-44fb-48bb-a598-d1eb422a33ce", "isDeleted:":"true", "version":"1732283551034"}}
{"logTime": "1213/161229", "correlationVector":"B0+HIv1Y+vHxvE25Ykg2Jr.19","action":"GetUpdates", "result":"DeleteReceived", "context":{"id":"c401c582-d269-41c0-bbfa-a3c7b2fa7925", "isDeleted:":"true", "version":"1732283739198"}}
{"logTime": "1213/161229", "correlationVector":"B0+HIv1Y+vHxvE25Ykg2Jr.20","action":"GetUpdates", "result":"DeleteReceived", "context":{"id":"345df823-1590-4031-9be0-f0d7977889ee", "isDeleted:":"true", "version":"1732345405133"}}
{"logTime": "1213/161229", "correlationVector":"B0+HIv1Y+vHxvE25Ykg2Jr.21","action":"GetUpdates", "result":"DeleteReceived", "context":{"id":"f838431b-32ec-4b1f-b9e9-70d36128e4aa", "isDeleted:":"true", "version":"1732603807827"}}
{"logTime": "1213/161229", "correlationVector":"B0+HIv1Y+vHxvE25Ykg2Jr.22","action":"GetUpdates", "result":"DeleteReceived", "context":{"id":"477c8c66-59b8-411b-aee9-5d5d68a4f766", "isDeleted:":"true", "version":"1732603807828"}}
{"logTime": "1213/161229", "correlationVector":"B0+HIv1Y+vHxvE25Ykg2Jr.23","action":"GetUpdates", "result":"DeleteReceived", "context":{"id":"3a904bbd-694f-4893-831a-2625f38385c8", "isDeleted:":"true", "version":"1732603807830"}}
{"logTime": "1213/161229", "correlationVector":"B0+HIv1Y+vHxvE25Ykg2Jr.24","action":"GetUpdates", "result":"DeleteReceived", "context":{"id":"4626e061-fd9c-4333-9eca-d8f3bd3711ba", "isDeleted:":"true", "version":"1732764190014"}}
{"logTime": "1213/161229", "correlationVector":"B0+HIv1Y+vHxvE25Ykg2Jr.25","action":"GetUpdates", "result":"DeleteReceived", "context":{"id":"96aa5411-1572-4812-a2e0-6b7bebadce2a", "isDeleted:":"true", "version":"1732811697306"}}
{"logTime": "1213/161229", "correlationVector":"B0+HIv1Y+vHxvE25Ykg2Jr.26","action":"GetUpdates", "result":"DeleteReceived", "context":{"id":"7d86107a-1947-4f2b-99db-f6bd4d0ce5b0", "isDeleted:":"true", "version":"1732863911369"}}
{"logTime": "1213/161229", "correlationVector":"B0+HIv1Y+vHxvE25Ykg2Jr.27","action":"GetUpdates", "result":"DeleteReceived", "context":{"id":"632f0021-8a33-4ce9-90db-2a92328c57af", "isDeleted:":"true", "version":"1732901446922"}}
{"logTime": "1213/161229", "correlationVector":"B0+HIv1Y+vHxvE25Ykg2Jr.28","action":"GetUpdates", "result":"DeleteReceived", "context":{"id":"ea59ce1c-c86c-45ec-83a8-4854a10dbbdc", "isDeleted:":"true", "version":"1733053304207"}}
{"logTime": "1213/161229", "correlationVector":"B0+HIv1Y+vHxvE25Ykg2Jr.29","action":"GetUpdates", "result":"DeleteReceived", "context":{"id":"72d88ffd-5f0a-4e14-bdbb-7c0b32b42473", "isDeleted:":"true", "version":"1733104245025"}}
{"logTime": "1213/161229", "correlationVector":"B0+HIv1Y+vHxvE25Ykg2Jr.30","action":"GetUpdates", "result":"DeleteReceived", "context":{"id":"45e67429-dc0a-491c-8ce8-53c6240fc3a8", "isDeleted:":"true", "version":"1733207089866"}}
{"logTime": "1213/161229", "correlationVector":"B0+HIv1Y+vHxvE25Ykg2Jr.31","action":"GetUpdates", "result":"DeleteReceived", "context":{"id":"bcdff599-dbae-4f05-9f1c-ffc7df4457de", "isDeleted:":"true", "version":"1733239692438"}}
{"logTime": "1213/161229", "correlationVector":"B0+HIv1Y+vHxvE25Ykg2Jr.32","action":"GetUpdates", "result":"DeleteReceived", "context":{"id":"5f2d4664-d13a-46c4-a0fe-041c4a9ef8af", "isDeleted:":"true", "version":"1733278260079"}}
{"logTime": "1213/161229", "correlationVector":"B0+HIv1Y+vHxvE25Ykg2Jr.33","action":"GetUpdates", "result":"DeleteReceived", "context":{"id":"790d522d-3203-45f9-83d0-fbb84bfb80a3", "isDeleted:":"true", "version":"1733284276179"}}
{"logTime": "1213/161229", "correlationVector":"B0+HIv1Y+vHxvE25Ykg2Jr.34","action":"GetUpdates", "result":"DeleteReceived", "context":{"id":"630a9f95-aede-47d5-9f85-b286fd8489b7", "isDeleted:":"true", "version":"1733284276180"}}
{"logTime": "1213/161229", "correlationVector":"B0+HIv1Y+vHxvE25Ykg2Jr.35","action":"GetUpdates", "result":"DeleteReceived", "context":{"id":"e08ffc9a-80dc-4fa1-b5f7-106fed3ea12f", "isDeleted:":"true", "version":"1733284276182"}}
{"logTime": "1213/161229", "correlationVector":"B0+HIv1Y+vHxvE25Ykg2Jr.36","action":"GetUpdates", "result":"DeleteReceived", "context":{"id":"66bf6da3-1b72-4b2a-a97a-8c1254a0e97a", "isDeleted:":"true", "version":"1733284276183"}}
{"logTime": "1213/161229", "correlationVector":"B0+HIv1Y+vHxvE25Ykg2Jr.37","action":"GetUpdates", "result":"DeleteReceived", "context":{"id":"1b6c15ac-9c8f-4dad-9588-de5f068981c0", "isDeleted:":"true", "version":"1733284597607"}}
{"logTime": "1213/161229", "correlationVector":"B0+HIv1Y+vHxvE25Ykg2Jr.38","action":"GetUpdates", "result":"DeleteReceived", "context":{"id":"81dcd56c-c774-4231-a36f-e8575c339021", "isDeleted:":"true", "version":"1733316675251"}}
{"logTime": "1213/161229", "correlationVector":"B0+HIv1Y+vHxvE25Ykg2Jr.39","action":"GetUpdates", "result":"DeleteReceived", "context":{"id":"0050d266-13d7-4aad-a6d0-fc240ae53cad", "isDeleted:":"true", "version":"1733318005334"}}
{"logTime": "1213/161229", "correlationVector":"B0+HIv1Y+vHxvE25Ykg2Jr.40","action":"GetUpdates", "result":"DeleteReceived", "context":{"id":"e7500e03-b1c5-4a39-b5bf-85d23809c831", "isDeleted:":"true", "version":"1733318389244"}}
{"logTime": "1213/161229", "correlationVector":"B0+HIv1Y+vHxvE25Ykg2Jr.41","action":"GetUpdates", "result":"DeleteReceived", "context":{"id":"d9f68cab-f6db-4a1e-b8db-51cdc69a25c1", "isDeleted:":"true", "version":"1733319441152"}}
{"logTime": "1213/161229", "correlationVector":"B0+HIv1Y+vHxvE25Ykg2Jr.42","action":"GetUpdates", "result":"DeleteReceived", "context":{"id":"2ffb5f43-e357-4b33-b535-aca72fc6b4f6", "isDeleted:":"true", "version":"1733321616423"}}
{"logTime": "1213/161229", "correlationVector":"B0+HIv1Y+vHxvE25Ykg2Jr.43","action":"GetUpdates", "result":"DeleteReceived", "context":{"id":"c5ce6422-57e3-4b87-b698-c35e6f344180", "isDeleted:":"true", "version":"1733321616425"}}
{"logTime": "1213/161229", "correlationVector":"B0+HIv1Y+vHxvE25Ykg2Jr.44","action":"GetUpdates", "result":"DeleteReceived", "context":{"id":"ace15391-14d3-465e-9027-8ee42f80245b", "isDeleted:":"true", "version":"1733321616426"}}
{"logTime": "1213/161229", "correlationVector":"B0+HIv1Y+vHxvE25Ykg2Jr.45","action":"GetUpdates Response", "result":"Success", "context":Received 250 update(s). cV=B0+HIv1Y+vHxvE25Ykg2Jr.0;server=akswtt00300001x;cloudType=Consumer;environment=Prod_southeastasia_prod-s01-064-apac-southeastasia;migrationStage=NotStarted Some updates remain.}
{"logTime": "1213/161229", "correlationVector":"0Bhvla0jFftbiyJfxCrXeN","action":"Initial GetUpdates", "result":"", "context":Reason: NEWLY_SUPPORTED_DATATYPE. cV=0Bhvla0jFftbiyJfxCrXeN}
{"logTime": "1213/161230", "correlationVector":"0Bhvla0jFftbiyJfxCrXeN.1","action":"SyncServerConnectionManagerRequest", "result":"SYNC_SERVER_OK", "context":{"environment":"Prod_southeastasia_prod-s01-064-apac-southeastasia", "migrationStage":"NotStarted", "server":"akswtt00300002u"}}
{"logTime": "1213/161230", "correlationVector":"0Bhvla0jFftbiyJfxCrXeN.2","action":"GetUpdates", "result":"DeleteReceived", "context":{"id":"83ae1fe7-1a10-4695-a022-8202048aa710", "isDeleted:":"true", "version":"1733321737012"}}
{"logTime": "1213/161230", "correlationVector":"0Bhvla0jFftbiyJfxCrXeN.3","action":"GetUpdates", "result":"DeleteReceived", "context":{"id":"46feaa00-2cdf-4dbe-8f1e-6360df4fda57", "isDeleted:":"true", "version":"1733322027792"}}
{"logTime": "1213/161230", "correlationVector":"0Bhvla0jFftbiyJfxCrXeN.4","action":"GetUpdates", "result":"DeleteReceived", "context":{"id":"1c400b00-f32b-4248-8afd-ec74ba741dd2", "isDeleted:":"true", "version":"1733322027793"}}
{"logTime": "1213/161230", "correlationVector":"0Bhvla0jFftbiyJfxCrXeN.5","action":"GetUpdates", "result":"DeleteReceived", "context":{"id":"b0a830c8-91e1-4fb1-8e8c-c0946d39b041", "isDeleted:":"true", "version":"1733371481717"}}
{"logTime": "1213/161230", "correlationVector":"0Bhvla0jFftbiyJfxCrXeN.6","action":"GetUpdates", "result":"DeleteReceived", "context":{"id":"09ec0c62-2553-4c14-8c2b-0022c0e2186b", "isDeleted:":"true", "version":"1733373108379"}}
{"logTime": "1213/161230", "correlationVector":"0Bhvla0jFftbiyJfxCrXeN.7","action":"GetUpdates", "result":"DeleteReceived", "context":{"id":"91f460b7-2a84-4b4a-ac86-dc6939056eea", "isDeleted:":"true", "version":"1733373109521"}}
{"logTime": "1213/161230", "correlationVector":"0Bhvla0jFftbiyJfxCrXeN.8","action":"GetUpdates", "result":"DeleteReceived", "context":{"id":"7b1d7f4e-4c02-466c-bd68-d2aa570ed3fe", "isDeleted:":"true", "version":"1733373501834"}}
{"logTime": "1213/161230", "correlationVector":"0Bhvla0jFftbiyJfxCrXeN.9","action":"GetUpdates", "result":"DeleteReceived", "context":{"id":"57cdbff2-a698-4bdf-8361-fcedd3a014ab", "isDeleted:":"true", "version":"1733642776689"}}
{"logTime": "1213/161230", "correlationVector":"0Bhvla0jFftbiyJfxCrXeN.10","action":"GetUpdates", "result":"DeleteReceived", "context":{"id":"ab10cb11-7486-448e-8137-20a578f96dd6", "isDeleted:":"true", "version":"1733642776690"}}
{"logTime": "1213/161230", "correlationVector":"0Bhvla0jFftbiyJfxCrXeN.11","action":"GetUpdates", "result":"DeleteReceived", "context":{"id":"d9e9173a-e3be-4af7-a58f-9741d9d1e3c7", "isDeleted:":"true", "version":"1733642776691"}}
{"logTime": "1213/161230", "correlationVector":"0Bhvla0jFftbiyJfxCrXeN.12","action":"GetUpdates", "result":"DeleteReceived", "context":{"id":"5778ccb8-c24d-4611-b1fc-3fa51325db6c", "isDeleted:":"true", "version":"1733643654844"}}
{"logTime": "1213/161230", "correlationVector":"0Bhvla0jFftbiyJfxCrXeN.13","action":"GetUpdates", "result":"DeleteReceived", "context":{"id":"ccf2771b-2d1f-4ff0-ac43-901a1aaa1127", "isDeleted:":"true", "version":"1733668055340"}}
{"logTime": "1213/161230", "correlationVector":"0Bhvla0jFftbiyJfxCrXeN.14","action":"GetUpdates", "result":"DeleteReceived", "context":{"id":"63c7cb35-4b93-4f68-907a-1aadd5ae5ca1", "isDeleted:":"true", "version":"1733668055342"}}
{"logTime": "1213/161230", "correlationVector":"0Bhvla0jFftbiyJfxCrXeN.15","action":"GetUpdates", "result":"DeleteReceived", "context":{"id":"ef28f4c4-4c61-4ac1-b4ee-ab8ff29b30a6", "isDeleted:":"true", "version":"1733726830264"}}
{"logTime": "1213/161230", "correlationVector":"0Bhvla0jFftbiyJfxCrXeN.16","action":"GetUpdates", "result":"DeleteReceived", "context":{"id":"72885ace-9a04-4652-bcce-9a8b80616f79", "isDeleted:":"true", "version":"1733726830265"}}
{"logTime": "1213/161230", "correlationVector":"0Bhvla0jFftbiyJfxCrXeN.17","action":"GetUpdates", "result":"DeleteReceived", "context":{"id":"635ec801-b9b9-4bec-8cbd-31b05e9913a8", "isDeleted:":"true", "version":"1733726830267"}}
{"logTime": "1213/161230", "correlationVector":"0Bhvla0jFftbiyJfxCrXeN.18","action":"GetUpdates", "result":"DeleteReceived", "context":{"id":"b98e8a81-37e8-49a6-ac6e-dd27b5f5b305", "isDeleted:":"true", "version":"1733844225620"}}
{"logTime": "1213/161230", "correlationVector":"0Bhvla0jFftbiyJfxCrXeN.19","action":"GetUpdates", "result":"DeleteReceived", "context":{"id":"8a6a9fa3-85d4-450f-9451-d254ad24c52a", "isDeleted:":"true", "version":"1733844225621"}}
{"logTime": "1213/161230", "correlationVector":"0Bhvla0jFftbiyJfxCrXeN.20","action":"GetUpdates", "result":"DeleteReceived", "context":{"id":"c9aa7194-b174-47d3-ba6d-10c7c84ceb2a", "isDeleted:":"true", "version":"1733891270605"}}
{"logTime": "1213/161230", "correlationVector":"0Bhvla0jFftbiyJfxCrXeN.21","action":"GetUpdates", "result":"DeleteReceived", "context":{"id":"2c530fe7-66e9-428f-b3ca-536788a13976", "isDeleted:":"true", "version":"1733895876250"}}
{"logTime": "1213/161230", "correlationVector":"0Bhvla0jFftbiyJfxCrXeN.22","action":"GetUpdates", "result":"DeleteReceived", "context":{"id":"5ec78278-3437-478c-922c-bee58bc13f26", "isDeleted:":"true", "version":"1733922785978"}}
{"logTime": "1213/161230", "correlationVector":"0Bhvla0jFftbiyJfxCrXeN.23","action":"GetUpdates", "result":"DeleteReceived", "context":{"id":"0baff6bb-ff50-416d-9567-4d291b4d1d12", "isDeleted:":"true", "version":"1733973333118"}}
{"logTime": "1213/161230", "correlationVector":"0Bhvla0jFftbiyJfxCrXeN.24","action":"GetUpdates", "result":"DeleteReceived", "context":{"id":"71c60e89-6108-4403-9a5c-459f8d5df168", "isDeleted:":"true", "version":"1733982617505"}}
{"logTime": "1213/161230", "correlationVector":"0Bhvla0jFftbiyJfxCrXeN.25","action":"GetUpdates", "result":"DeleteReceived", "context":{"id":"4061ce48-7b96-420a-a015-2cf540c5c07d", "isDeleted:":"true", "version":"1733982617506"}}
{"logTime": "1213/161230", "correlationVector":"0Bhvla0jFftbiyJfxCrXeN.26","action":"GetUpdates", "result":"DeleteReceived", "context":{"id":"7c7f9708-0945-48b5-96a3-697cf134a33b", "isDeleted:":"true", "version":"1733982617508"}}
{"logTime": "1213/161230", "correlationVector":"0Bhvla0jFftbiyJfxCrXeN.27","action":"GetUpdates", "result":"DeleteReceived", "context":{"id":"51e9042b-6d76-4f88-91d5-fc85b5f7677a", "isDeleted:":"true", "version":"1733982617509"}}
{"logTime": "1213/161230", "correlationVector":"0Bhvla0jFftbiyJfxCrXeN.28","action":"GetUpdates", "result":"DeleteReceived", "context":{"id":"588c3553-6679-4d2f-8f77-17f90d939873", "isDeleted:":"true", "version":"1734071003839"}}
{"logTime": "1213/161230", "correlationVector":"0Bhvla0jFftbiyJfxCrXeN.29","action":"GetUpdates", "result":"DeleteReceived", "context":{"id":"07f9ca5d-c613-4f0f-9ca1-a3747ba835d2", "isDeleted:":"true", "version":"1734072295882"}}
{"logTime": "1213/161230", "correlationVector":"0Bhvla0jFftbiyJfxCrXeN.30","action":"GetUpdates", "result":"DeleteReceived", "context":{"id":"52181a27-9c04-473e-9253-1bae8cfef906", "isDeleted:":"true", "version":"1734076904557"}}
{"logTime": "1213/161230", "correlationVector":"0Bhvla0jFftbiyJfxCrXeN.31","action":"GetUpdates", "result":"DeleteReceived", "context":{"id":"939d0282-8579-428d-abfb-71c7de3d49db", "isDeleted:":"true", "version":"1734076904558"}}
{"logTime": "1213/161230", "correlationVector":"0Bhvla0jFftbiyJfxCrXeN.32","action":"GetUpdates", "result":"DeleteReceived", "context":{"id":"be8ce410-bd08-42ae-ba72-531bf1670bb1", "isDeleted:":"true", "version":"1734076904560"}}
{"logTime": "1213/161230", "correlationVector":"0Bhvla0jFftbiyJfxCrXeN.33","action":"GetUpdates", "result":"DeleteReceived", "context":{"id":"90c2c442-c053-4008-8b0e-d698ea06c267", "isDeleted:":"true", "version":"1734077461363"}}
{"logTime": "1213/161230", "correlationVector":"0Bhvla0jFftbiyJfxCrXeN.34","action":"GetUpdates Response", "result":"Success", "context":Received 49 update(s). cV=0Bhvla0jFftbiyJfxCrXeN.0;server=akswtt00300002u;cloudType=Consumer;environment=Prod_southeastasia_prod-s01-064-apac-southeastasia;migrationStage=NotStarted}
{"logTime": "1213/161230", "correlationVector":"hRiR7YN8kyZHQbO2VzJ83P","action":"Normal GetUpdate request", "result":"", "context":cV=hRiR7YN8kyZHQbO2VzJ83P
Nudged types: Sessions, Device Info, User Consents
Refresh requested types: Bookmarks, Preferences, Passwords, Autofill Profiles, Autofill, Typed URLs, Extensions, Sessions, Extension settings, History Delete Directives, Device Info, User Consents, Send Tab To Self, Web Apps, Collection, Edge E Drop, Edge Hub App Usage, Edge Tab Group, Edge Wallet, Encryption Keys}
{"logTime": "1213/161231", "correlationVector":"hRiR7YN8kyZHQbO2VzJ83P.1","action":"SyncServerConnectionManagerRequest", "result":"SYNC_SERVER_OK", "context":{"environment":"Prod_southeastasia_prod-s01-064-apac-southeastasia", "migrationStage":"NotStarted", "server":"akswtt00300000b"}}
{"logTime": "1213/161231", "correlationVector":"hRiR7YN8kyZHQbO2VzJ83P.2","action":"GetUpdates Response", "result":"Success", "context":Received 0 update(s). cV=hRiR7YN8kyZHQbO2VzJ83P.0;server=akswtt00300000b;cloudType=Consumer;environment=Prod_southeastasia_prod-s01-064-apac-southeastasia;migrationStage=NotStarted}
{"logTime": "1213/161231", "correlationVector":"304nkdOzlsgYny+V1cj3mC","action":"DoCompareDataConsistency requsted types: ", "result":"Bookmarks, Preferences, Passwords, Typed URLs, Extensions, Extension settings, History Delete Directives, Send Tab To Self, Web Apps, Collection, Edge E Drop, Edge Tab Group, Edge Wallet, Encryption Keys"}
{"logTime": "1213/161231", "correlationVector":"304nkdOzlsgYny+V1cj3mC.0","action":"CompareDataConsistency result: ", "result":"Compare result: Encryption Keys is consistent. local entities count is: 1 local entities hash is: jhbzSE2E/921Yy0fWneLZ8+7Sk4="}
{"logTime": "1213/161231", "correlationVector":"304nkdOzlsgYny+V1cj3mC.1","action":"CompareDataConsistency result: ", "result":"Compare result: Bookmarks is consistent. local entities count is: 3 local entities hash is: 71xm0+oyEp2DjhJ+FFjqGnnsKDo="}
{"logTime": "1213/161231", "correlationVector":"304nkdOzlsgYny+V1cj3mC.2","action":"CompareDataConsistency result: ", "result":"Compare result: Preferences is consistent. local entities count is: 46 local entities hash is: 4XkxLbtbpNanovy/P16I8t2OurY="}
{"logTime": "1213/161231", "correlationVector":"304nkdOzlsgYny+V1cj3mC.3","action":"CompareDataConsistency result: ", "result":"Server did not send this Typed URLs local entities count is: 11 local entities hash is: eYppzrh2qYnhLEWx6+R/rcia+OY="}
{"logTime": "1213/161231", "correlationVector":"304nkdOzlsgYny+V1cj3mC.4","action":"CompareDataConsistency result: ", "result":"Compare result: Extensions is consistent. local entities count is: 1 local entities hash is: G/vgX5Pyud7efwC5rG0vTI1FtEs="}
{"logTime": "1213/161231", "correlationVector":"304nkdOzlsgYny+V1cj3mC.5","action":"CompareDataConsistency result: ", "result":"Compare result: Extension settings is consistent. local entities count is: 5 local entities hash is: QfWUxvqO2+osXpWGCH2olbIRTdg="}
{"logTime": "1213/161231", "correlationVector":"304nkdOzlsgYny+V1cj3mC.6","action":"CompareDataConsistency result: ", "result":"Compare result: History Delete Directives is consistent. local entities count is: 0 local entities hash is: "}
{"logTime": "1213/161231", "correlationVector":"304nkdOzlsgYny+V1cj3mC.7","action":"CompareDataConsistency result: ", "result":"Server did not send this Send Tab To Self local entities count is: 0 local entities hash is: "}
{"logTime": "1213/161231", "correlationVector":"304nkdOzlsgYny+V1cj3mC.8","action":"CompareDataConsistency result: ", "result":"Compare result: Web Apps is consistent. local entities count is: 1 local entities hash is: 4hOpzHGoXCjPsRJ64bQj0/FX2Os="}
{"logTime": "1213/161231", "correlationVector":"304nkdOzlsgYny+V1cj3mC.9","action":"CompareDataConsistency result: ", "result":"Compare result: Collection is consistent. local entities count is: 0 local entities hash is: "}
{"logTime": "1213/161231", "correlationVector":"304nkdOzlsgYny+V1cj3mC.10","action":"CompareDataConsistency result: ", "result":"Compare result: Edge E Drop is consistent. local entities count is: 0 local entities hash is: "}
{"logTime": "1213/161231", "correlationVector":"304nkdOzlsgYny+V1cj3mC.11","action":"CompareDataConsistency result: ", "result":"Compare result: Edge Tab Group is consistent. local entities count is: 0 local entities hash is: "}
{"logTime": "1213/161231", "correlationVector":"304nkdOzlsgYny+V1cj3mC.12","action":"CompareDataConsistency result: ", "result":"Compare result: Edge Wallet is consistent. local entities count is: 0 local entities hash is: "}
{"logTime": "1213/161231", "correlationVector":"304nkdOzlsgYny+V1cj3mC.13","action":"CompareDataConsistency result: ", "result":"Compare result: Passwords is consistent. local entities count is: 0 local entities hash is: "}
{"logTime": "1213/161231", "correlationVector":"a0sRY5a/yiOSqXt80dAXmU","action":"Commit Request", "result":"", "context":Item count: 5
Contributing types: Sessions, Device Info, User Consents}
{"logTime": "1213/161233", "correlationVector":"a0sRY5a/yiOSqXt80dAXmU.1","action":"SyncServerConnectionManagerRequest", "result":"SYNC_SERVER_OK", "context":{"environment":"Prod_southeastasia_prod-s01-064-apac-southeastasia", "migrationStage":"NotStarted", "server":"akswtt00300002a"}}
{"logTime": "1213/161233", "correlationVector":"a0sRY5a/yiOSqXt80dAXmU.2","action":"Commit Response", "result":"Success", "context":Result: Success. cV=a0sRY5a/yiOSqXt80dAXmU.0;server=akswtt00300002a;cloudType=Consumer;environment=Prod_southeastasia_prod-s01-064-apac-southeastasia;migrationStage=NotStarted}
{"logTime": "1213/161233", "correlationVector":"","action":"DIAGNOSTIC_REQUEST|v1/diagnosticData/Diagnostic.SendCheckResult()|SUCCESS", "result":""}
{"logTime": "1213/161304", "correlationVector":"4z9raf6vWeiH1NDq8Ef6n2","action":"Commit Request", "result":"", "context":Item count: 1
Contributing types: Sessions}
{"logTime": "1213/161304", "correlationVector":"4z9raf6vWeiH1NDq8Ef6n2.1","action":"SyncServerConnectionManagerRequest", "result":"SYNC_SERVER_OK", "context":{"environment":"Prod_southeastasia_prod-s01-064-apac-southeastasia", "migrationStage":"NotStarted", "server":"akswtt00300000b"}}
{"logTime": "1213/161304", "correlationVector":"4z9raf6vWeiH1NDq8Ef6n2.2","action":"Commit Response", "result":"Success", "context":Result: Success. cV=4z9raf6vWeiH1NDq8Ef6n2.0;server=akswtt00300000b;cloudType=Consumer;environment=Prod_southeastasia_prod-s01-064-apac-southeastasia;migrationStage=NotStarted}
{"logTime": "1213/161342", "correlationVector":"NmXhbIWdNgZ8+Z7fCpG+y8","action":"Commit Request", "result":"", "context":Item count: 1
Contributing types: Sessions}
{"logTime": "1213/161342", "correlationVector":"NmXhbIWdNgZ8+Z7fCpG+y8.1","action":"SyncServerConnectionManagerRequest", "result":"SYNC_SERVER_OK", "context":{"environment":"Prod_southeastasia_prod-s01-064-apac-southeastasia", "migrationStage":"NotStarted", "server":"akswtt003000027"}}
{"logTime": "1213/161342", "correlationVector":"NmXhbIWdNgZ8+Z7fCpG+y8.2","action":"Commit Response", "result":"Success", "context":Result: Success. cV=NmXhbIWdNgZ8+Z7fCpG+y8.0;server=akswtt003000027;cloudType=Consumer;environment=Prod_southeastasia_prod-s01-064-apac-southeastasia;migrationStage=NotStarted}
{"logTime": "1213/161542", "correlationVector":"kHGD7+YB53qcgc2ULu/CRF","action":"Commit Request", "result":"", "context":Item count: 1
Contributing types: Sessions}
{"logTime": "1213/161543", "correlationVector":"kHGD7+YB53qcgc2ULu/CRF.1","action":"SyncServerConnectionManagerRequest", "result":"SYNC_SERVER_OK", "context":{"environment":"Prod_southeastasia_prod-s01-064-apac-southeastasia", "migrationStage":"NotStarted", "server":"akswtt00300002y"}}
{"logTime": "1213/161543", "correlationVector":"kHGD7+YB53qcgc2ULu/CRF.2","action":"Commit Response", "result":"Success", "context":Result: Success. cV=kHGD7+YB53qcgc2ULu/CRF.0;server=akswtt00300002y;cloudType=Consumer;environment=Prod_southeastasia_prod-s01-064-apac-southeastasia;migrationStage=NotStarted}
{"logTime": "1213/161722", "correlationVector":"ZyBeJINFl87d6PX+LKs5RW","action":"Normal GetUpdate request", "result":"", "context":cV=ZyBeJINFl87d6PX+LKs5RW
Refresh requested types: Bookmarks, Preferences, Passwords, Autofill Profiles, Autofill, Typed URLs, Extensions, Sessions, Extension settings, History Delete Directives, Device Info, User Consents, Send Tab To Self, Web Apps, Collection, Edge E Drop, Edge Hub App Usage, Edge Tab Group, Edge Wallet, Encryption Keys}
{"logTime": "1213/161722", "correlationVector":"ZyBeJINFl87d6PX+LKs5RW.1","action":"SyncServerConnectionManagerRequest", "result":"SYNC_SERVER_OK", "context":{"environment":"Prod_southeastasia_prod-s01-064-apac-southeastasia", "migrationStage":"NotStarted", "server":"akswtt00300001t"}}
{"logTime": "1213/161722", "correlationVector":"ZyBeJINFl87d6PX+LKs5RW.2","action":"GetUpdates Response", "result":"Success", "context":Received 3 update(s). cV=ZyBeJINFl87d6PX+LKs5RW.0;server=akswtt00300001t;cloudType=Consumer;environment=Prod_southeastasia_prod-s01-064-apac-southeastasia;migrationStage=NotStarted}
{"logTime": "1213/161938", "correlationVector":"66vwrlp3k5ma+ek8F51UF8","action":"Commit Request", "result":"", "context":Item count: 1
Contributing types: Sessions}
{"logTime": "1213/161939", "correlationVector":"66vwrlp3k5ma+ek8F51UF8.1","action":"SyncServerConnectionManagerRequest", "result":"SYNC_SERVER_OK", "context":{"environment":"Prod_southeastasia_prod-s01-064-apac-southeastasia", "migrationStage":"NotStarted", "server":"akswtt00300002a"}}
{"logTime": "1213/161939", "correlationVector":"66vwrlp3k5ma+ek8F51UF8.2","action":"Commit Response", "result":"Success", "context":Result: Success. cV=66vwrlp3k5ma+ek8F51UF8.0;server=akswtt00300002a;cloudType=Consumer;environment=Prod_southeastasia_prod-s01-064-apac-southeastasia;migrationStage=NotStarted}
{"logTime": "1213/162207", "correlationVector":"PoKAhgUzb4xt9BffoiZBUB","action":"Commit Request", "result":"", "context":Item count: 1
Contributing types: Sessions}
{"logTime": "1213/162208", "correlationVector":"PoKAhgUzb4xt9BffoiZBUB.1","action":"SyncServerConnectionManagerRequest", "result":"SYNC_SERVER_OK", "context":{"environment":"Prod_southeastasia_prod-s01-064-apac-southeastasia", "migrationStage":"NotStarted", "server":"akswtt00300002e"}}
{"logTime": "1213/162208", "correlationVector":"PoKAhgUzb4xt9BffoiZBUB.2","action":"Commit Response", "result":"Success", "context":Result: Success. cV=PoKAhgUzb4xt9BffoiZBUB.0;server=akswtt00300002e;cloudType=Consumer;environment=Prod_southeastasia_prod-s01-064-apac-southeastasia;migrationStage=NotStarted}
{"logTime": "1213/162334", "correlationVector":"KIHtGU4Uupv8r/Jdc1AFx3","action":"Commit Request", "result":"", "context":Item count: 1
Contributing types: Sessions}
{"logTime": "1213/162334", "correlationVector":"KIHtGU4Uupv8r/Jdc1AFx3.1","action":"SyncServerConnectionManagerRequest", "result":"SYNC_SERVER_OK", "context":{"environment":"Prod_southeastasia_prod-s01-064-apac-southeastasia", "migrationStage":"NotStarted", "server":"akswtt003000001"}}
{"logTime": "1213/162334", "correlationVector":"KIHtGU4Uupv8r/Jdc1AFx3.2","action":"Commit Response", "result":"Success", "context":Result: Success. cV=KIHtGU4Uupv8r/Jdc1AFx3.0;server=akswtt003000001;cloudType=Consumer;environment=Prod_southeastasia_prod-s01-064-apac-southeastasia;migrationStage=NotStarted}
{"logTime": "1213/162416", "correlationVector":"Bj9u6rKPJOw8bB2y8NhHm1","action":"Commit Request", "result":"", "context":Item count: 1
Contributing types: Sessions}
{"logTime": "1213/162417", "correlationVector":"Bj9u6rKPJOw8bB2y8NhHm1.1","action":"SyncServerConnectionManagerRequest", "result":"SYNC_SERVER_OK", "context":{"environment":"Prod_southeastasia_prod-s01-064-apac-southeastasia", "migrationStage":"NotStarted", "server":"akswtt00300001c"}}
{"logTime": "1213/162417", "correlationVector":"Bj9u6rKPJOw8bB2y8NhHm1.2","action":"Commit Response", "result":"Success", "context":Result: Success. cV=Bj9u6rKPJOw8bB2y8NhHm1.0;server=akswtt00300001c;cloudType=Consumer;environment=Prod_southeastasia_prod-s01-064-apac-southeastasia;migrationStage=NotStarted}
{"logTime": "1213/162634", "correlationVector":"gXEScT92OdFdnd+b/yf/DB","action":"Commit Request", "result":"", "context":Item count: 1
Contributing types: Sessions}
{"logTime": "1213/162634", "correlationVector":"gXEScT92OdFdnd+b/yf/DB.1","action":"SyncServerConnectionManagerRequest", "result":"SYNC_SERVER_OK", "context":{"environment":"Prod_southeastasia_prod-s01-064-apac-southeastasia", "migrationStage":"NotStarted", "server":"akswtt00300000i"}}
{"logTime": "1213/162634", "correlationVector":"gXEScT92OdFdnd+b/yf/DB.2","action":"Commit Response", "result":"Success", "context":Result: Success. cV=gXEScT92OdFdnd+b/yf/DB.0;server=akswtt00300000i;cloudType=Consumer;environment=Prod_southeastasia_prod-s01-064-apac-southeastasia;migrationStage=NotStarted}
{"logTime": "1213/162723", "correlationVector":"NEwLhXEH6tz9clOS1VdoWZ","action":"Commit Request", "result":"", "context":Item count: 1
Contributing types: Sessions}
{"logTime": "1213/162724", "correlationVector":"NEwLhXEH6tz9clOS1VdoWZ.1","action":"SyncServerConnectionManagerRequest", "result":"SYNC_SERVER_OK", "context":{"environment":"Prod_southeastasia_prod-s01-064-apac-southeastasia", "migrationStage":"NotStarted", "server":"akswtt00300002l"}}
{"logTime": "1213/162724", "correlationVector":"NEwLhXEH6tz9clOS1VdoWZ.2","action":"Commit Response", "result":"Success", "context":Result: Success. cV=NEwLhXEH6tz9clOS1VdoWZ.0;server=akswtt00300002l;cloudType=Consumer;environment=Prod_southeastasia_prod-s01-064-apac-southeastasia;migrationStage=NotStarted}
{"logTime": "1213/162816", "correlationVector":"Y9dW1m7QRz5CbvY2dI2v96","action":"Commit Request", "result":"", "context":Item count: 1
Contributing types: Sessions}
{"logTime": "1213/162817", "correlationVector":"Y9dW1m7QRz5CbvY2dI2v96.1","action":"SyncServerConnectionManagerRequest", "result":"SYNC_SERVER_OK", "context":{"environment":"Prod_southeastasia_prod-s01-065-apac-southeastasia", "migrationStage":"NotStarted", "server":"akswtt00300002o"}}
{"logTime": "1213/162817", "correlationVector":"Y9dW1m7QRz5CbvY2dI2v96.2","action":"Commit Response", "result":"Success", "context":Result: Success. cV=Y9dW1m7QRz5CbvY2dI2v96.0;server=akswtt00300002o;cloudType=Consumer;environment=Prod_southeastasia_prod-s01-065-apac-southeastasia;migrationStage=NotStarted}
{"logTime": "1213/162914", "correlationVector":"moXiZmQ1kBzotZdAayDZ+8","action":"Commit Request", "result":"", "context":Item count: 1
Contributing types: Sessions}
{"logTime": "1213/162915", "correlationVector":"moXiZmQ1kBzotZdAayDZ+8.1","action":"SyncServerConnectionManagerRequest", "result":"SYNC_SERVER_OK", "context":{"environment":"Prod_southeastasia_prod-s01-065-apac-southeastasia", "migrationStage":"NotStarted", "server":"akswtt00300001i"}}
{"logTime": "1213/162915", "correlationVector":"moXiZmQ1kBzotZdAayDZ+8.2","action":"Commit Response", "result":"Success", "context":Result: Success. cV=moXiZmQ1kBzotZdAayDZ+8.0;server=akswtt00300001i;cloudType=Consumer;environment=Prod_southeastasia_prod-s01-065-apac-southeastasia;migrationStage=NotStarted}
{"logTime": "1213/163041", "correlationVector":"UhK9mx4wA+/EB/ayAEYkHL","action":"Commit Request", "result":"", "context":Item count: 1
Contributing types: Sessions}
{"logTime": "1213/163041", "correlationVector":"UhK9mx4wA+/EB/ayAEYkHL.1","action":"SyncServerConnectionManagerRequest", "result":"SYNC_SERVER_OK", "context":{"environment":"Prod_southeastasia_prod-s01-065-apac-southeastasia", "migrationStage":"NotStarted", "server":"akswtt003000020"}}
{"logTime": "1213/163041", "correlationVector":"UhK9mx4wA+/EB/ayAEYkHL.2","action":"Commit Response", "result":"Success", "context":Result: Success. cV=UhK9mx4wA+/EB/ayAEYkHL.0;server=akswtt003000020;cloudType=Consumer;environment=Prod_southeastasia_prod-s01-065-apac-southeastasia;migrationStage=NotStarted}
{"logTime": "1213/163411", "correlationVector":"FWZ6uZNi+C8BgR9lYWI/hn","action":"Commit Request", "result":"", "context":Item count: 1
Contributing types: Sessions}
{"logTime": "1213/163412", "correlationVector":"FWZ6uZNi+C8BgR9lYWI/hn.1","action":"SyncServerConnectionManagerRequest", "result":"SYNC_SERVER_OK", "context":{"environment":"Prod_southeastasia_prod-s01-064-apac-southeastasia", "migrationStage":"NotStarted", "server":"akswtt00300000u"}}
{"logTime": "1213/163412", "correlationVector":"FWZ6uZNi+C8BgR9lYWI/hn.2","action":"Commit Response", "result":"Success", "context":Result: Success. cV=FWZ6uZNi+C8BgR9lYWI/hn.0;server=akswtt00300000u;cloudType=Consumer;environment=Prod_southeastasia_prod-s01-064-apac-southeastasia;migrationStage=NotStarted}
{"logTime": "1213/163714", "correlationVector":"vIidH74Nu3KhSyMO/saHbN","action":"Commit Request", "result":"", "context":Item count: 1
Contributing types: Sessions}
{"logTime": "1213/163714", "correlationVector":"vIidH74Nu3KhSyMO/saHbN.1","action":"SyncServerConnectionManagerRequest", "result":"SYNC_SERVER_OK", "context":{"environment":"Prod_southeastasia_prod-s01-065-apac-southeastasia", "migrationStage":"NotStarted", "server":"akswtt00300000s"}}
{"logTime": "1213/163714", "correlationVector":"vIidH74Nu3KhSyMO/saHbN.2","action":"Commit Response", "result":"Success", "context":Result: Success. cV=vIidH74Nu3KhSyMO/saHbN.0;server=akswtt00300000s;cloudType=Consumer;environment=Prod_southeastasia_prod-s01-065-apac-southeastasia;migrationStage=NotStarted}
{"logTime": "1213/163747", "correlationVector":"7+XyA9Jwq/91r5z0p/H9Ts","action":"Commit Request", "result":"", "context":Item count: 1
Contributing types: Sessions}
{"logTime": "1213/163747", "correlationVector":"7+XyA9Jwq/91r5z0p/H9Ts.1","action":"SyncServerConnectionManagerRequest", "result":"SYNC_SERVER_OK", "context":{"environment":"Prod_southeastasia_prod-s01-065-apac-southeastasia", "migrationStage":"NotStarted", "server":"akswtt00300002m"}}
{"logTime": "1213/163747", "correlationVector":"7+XyA9Jwq/91r5z0p/H9Ts.2","action":"Commit Response", "result":"Success", "context":Result: Success. cV=7+XyA9Jwq/91r5z0p/H9Ts.0;server=akswtt00300002m;cloudType=Consumer;environment=Prod_southeastasia_prod-s01-065-apac-southeastasia;migrationStage=NotStarted}
{"logTime": "1213/164042", "correlationVector":"Zcmmuz/SBAfLkkE1TYG1gt","action":"Commit Request", "result":"", "context":Item count: 1
Contributing types: Sessions}
{"logTime": "1213/164042", "correlationVector":"Zcmmuz/SBAfLkkE1TYG1gt.1","action":"SyncServerConnectionManagerRequest", "result":"SYNC_SERVER_OK", "context":{"environment":"Prod_southeastasia_prod-s01-064-apac-southeastasia", "migrationStage":"NotStarted", "server":"akswtt00300002g"}}
{"logTime": "1213/164042", "correlationVector":"Zcmmuz/SBAfLkkE1TYG1gt.2","action":"Commit Response", "result":"Success", "context":Result: Success. cV=Zcmmuz/SBAfLkkE1TYG1gt.0;server=akswtt00300002g;cloudType=Consumer;environment=Prod_southeastasia_prod-s01-064-apac-southeastasia;migrationStage=NotStarted}
{"logTime": "1213/164342", "correlationVector":"ptnWDfRxQfq9bY94MAt+e4","action":"Commit Request", "result":"", "context":Item count: 1
Contributing types: Sessions}
{"logTime": "1213/164344", "correlationVector":"ptnWDfRxQfq9bY94MAt+e4.1","action":"SyncServerConnectionManagerRequest", "result":"SYNC_SERVER_OK", "context":{"environment":"Prod_southeastasia_prod-s01-064-apac-southeastasia", "migrationStage":"NotStarted", "server":"akswtt00300002u"}}
{"logTime": "1213/164344", "correlationVector":"ptnWDfRxQfq9bY94MAt+e4.2","action":"Commit Response", "result":"Success", "context":Result: Success. cV=ptnWDfRxQfq9bY94MAt+e4.0;server=akswtt00300002u;cloudType=Consumer;environment=Prod_southeastasia_prod-s01-064-apac-southeastasia;migrationStage=NotStarted}
{"logTime": "1213/164445", "correlationVector":"xMyr+r29l8WmsSL1pvcsqT","action":"Commit Request", "result":"", "context":Item count: 1
Contributing types: Sessions}
{"logTime": "1213/164445", "correlationVector":"xMyr+r29l8WmsSL1pvcsqT.1","action":"SyncServerConnectionManagerRequest", "result":"SYNC_SERVER_OK", "context":{"environment":"Prod_southeastasia_prod-s01-064-apac-southeastasia", "migrationStage":"NotStarted", "server":"akswtt00300000u"}}
{"logTime": "1213/164445", "correlationVector":"xMyr+r29l8WmsSL1pvcsqT.2","action":"Commit Response", "result":"Success", "context":Result: Success. cV=xMyr+r29l8WmsSL1pvcsqT.0;server=akswtt00300000u;cloudType=Consumer;environment=Prod_southeastasia_prod-s01-064-apac-southeastasia;migrationStage=NotStarted}
{"logTime": "1213/164742", "correlationVector":"mlPJ/VHKz6l4B+i8XJUOlg","action":"Commit Request", "result":"", "context":Item count: 1
Contributing types: Sessions}
{"logTime": "1213/164743", "correlationVector":"mlPJ/VHKz6l4B+i8XJUOlg.1","action":"SyncServerConnectionManagerRequest", "result":"SYNC_SERVER_OK", "context":{"environment":"Prod_southeastasia_prod-s01-064-apac-southeastasia", "migrationStage":"NotStarted", "server":"akswtt003000026"}}
{"logTime": "1213/164743", "correlationVector":"mlPJ/VHKz6l4B+i8XJUOlg.2","action":"Commit Response", "result":"Success", "context":Result: Success. cV=mlPJ/VHKz6l4B+i8XJUOlg.0;server=akswtt003000026;cloudType=Consumer;environment=Prod_southeastasia_prod-s01-064-apac-southeastasia;migrationStage=NotStarted}
{"logTime": "1213/165434", "correlationVector":"ocw43IYOT5p4+lB59ZF7Qv","action":"Commit Request", "result":"", "context":Item count: 1
Contributing types: Sessions}
{"logTime": "1213/165435", "correlationVector":"ocw43IYOT5p4+lB59ZF7Qv.1","action":"SyncServerConnectionManagerRequest", "result":"SYNC_SERVER_OK", "context":{"environment":"Prod_southeastasia_prod-s01-064-apac-southeastasia", "migrationStage":"NotStarted", "server":"akswtt00300001x"}}
{"logTime": "1213/165435", "correlationVector":"ocw43IYOT5p4+lB59ZF7Qv.2","action":"Commit Response", "result":"Success", "context":Result: Success. cV=ocw43IYOT5p4+lB59ZF7Qv.0;server=akswtt00300001x;cloudType=Consumer;environment=Prod_southeastasia_prod-s01-064-apac-southeastasia;migrationStage=NotStarted}
{"logTime": "1213/165809", "correlationVector":"2OjoYxn4gyAqHNuZhkDQKf","action":"Commit Request", "result":"", "context":Item count: 1
Contributing types: Sessions}
{"logTime": "1213/165810", "correlationVector":"2OjoYxn4gyAqHNuZhkDQKf.1","action":"SyncServerConnectionManagerRequest", "result":"SYNC_SERVER_OK", "context":{"environment":"Prod_southeastasia_prod-s01-064-apac-southeastasia", "migrationStage":"NotStarted", "server":"akswtt00300002k"}}
{"logTime": "1213/165810", "correlationVector":"2OjoYxn4gyAqHNuZhkDQKf.2","action":"Commit Response", "result":"Success", "context":Result: Success. cV=2OjoYxn4gyAqHNuZhkDQKf.0;server=akswtt00300002k;cloudType=Consumer;environment=Prod_southeastasia_prod-s01-064-apac-southeastasia;migrationStage=NotStarted}
{"logTime": "1213/170200", "correlationVector":"h9CbcgeT73S4fjgENIhcav","action":"Commit Request", "result":"", "context":Item count: 1
Contributing types: Sessions}
{"logTime": "1213/170201", "correlationVector":"h9CbcgeT73S4fjgENIhcav.1","action":"SyncServerConnectionManagerRequest", "result":"SYNC_SERVER_OK", "context":{"environment":"Prod_southeastasia_prod-s01-064-apac-southeastasia", "migrationStage":"NotStarted", "server":"akswtt00300001f"}}
{"logTime": "1213/170201", "correlationVector":"h9CbcgeT73S4fjgENIhcav.2","action":"Commit Response", "result":"Success", "context":Result: Success. cV=h9CbcgeT73S4fjgENIhcav.0;server=akswtt00300001f;cloudType=Consumer;environment=Prod_southeastasia_prod-s01-064-apac-southeastasia;migrationStage=NotStarted}
{"logTime": "1213/170552", "correlationVector":"64VWgXXyGyqc+CjPrCiIJE","action":"Commit Request", "result":"", "context":Item count: 1
Contributing types: Sessions}
{"logTime": "1213/170553", "correlationVector":"64VWgXXyGyqc+CjPrCiIJE.1","action":"SyncServerConnectionManagerRequest", "result":"SYNC_SERVER_OK", "context":{"environment":"Prod_southeastasia_prod-s01-064-apac-southeastasia", "migrationStage":"NotStarted", "server":"akswtt00300001e"}}
{"logTime": "1213/170553", "correlationVector":"64VWgXXyGyqc+CjPrCiIJE.2","action":"Commit Response", "result":"Success", "context":Result: Success. cV=64VWgXXyGyqc+CjPrCiIJE.0;server=akswtt00300001e;cloudType=Consumer;environment=Prod_southeastasia_prod-s01-064-apac-southeastasia;migrationStage=NotStarted}
{"logTime": "1213/170755", "correlationVector":"jVPfIKm+rfT2GixX4ShTtr","action":"Commit Request", "result":"", "context":Item count: 1
Contributing types: Sessions}
{"logTime": "1213/170756", "correlationVector":"jVPfIKm+rfT2GixX4ShTtr.1","action":"SyncServerConnectionManagerRequest", "result":"SYNC_SERVER_OK", "context":{"environment":"Prod_southeastasia_prod-s01-064-apac-southeastasia", "migrationStage":"NotStarted", "server":"akswtt00300002g"}}
{"logTime": "1213/170756", "correlationVector":"jVPfIKm+rfT2GixX4ShTtr.2","action":"Commit Response", "result":"Success", "context":Result: Success. cV=jVPfIKm+rfT2GixX4ShTtr.0;server=akswtt00300002g;cloudType=Consumer;environment=Prod_southeastasia_prod-s01-064-apac-southeastasia;migrationStage=NotStarted}
{"logTime": "1213/170907", "correlationVector":"WpxLvlLDltMirHXrA/MaRc","action":"Commit Request", "result":"", "context":Item count: 1
Contributing types: Sessions}
{"logTime": "1213/170908", "correlationVector":"WpxLvlLDltMirHXrA/MaRc.1","action":"SyncServerConnectionManagerRequest", "result":"SYNC_SERVER_OK", "context":{"environment":"Prod_southeastasia_prod-s01-064-apac-southeastasia", "migrationStage":"NotStarted", "server":"akswtt003000024"}}
{"logTime": "1213/170908", "correlationVector":"WpxLvlLDltMirHXrA/MaRc.2","action":"Commit Response", "result":"Success", "context":Result: Success. cV=WpxLvlLDltMirHXrA/MaRc.0;server=akswtt003000024;cloudType=Consumer;environment=Prod_southeastasia_prod-s01-064-apac-southeastasia;migrationStage=NotStarted}
{"logTime": "1213/170958", "correlationVector":"JE9YjZMuFFkyQzS3pvZOOi","action":"Commit Request", "result":"", "context":Item count: 1
Contributing types: Sessions}
{"logTime": "1213/170959", "correlationVector":"JE9YjZMuFFkyQzS3pvZOOi.1","action":"SyncServerConnectionManagerRequest", "result":"SYNC_SERVER_OK", "context":{"environment":"Prod_southeastasia_prod-s01-064-apac-southeastasia", "migrationStage":"NotStarted", "server":"akswtt003000012"}}
{"logTime": "1213/170959", "correlationVector":"JE9YjZMuFFkyQzS3pvZOOi.2","action":"Commit Response", "result":"Success", "context":Result: Success. cV=JE9YjZMuFFkyQzS3pvZOOi.0;server=akswtt003000012;cloudType=Consumer;environment=Prod_southeastasia_prod-s01-064-apac-southeastasia;migrationStage=NotStarted}
{"logTime": "1213/171122", "correlationVector":"vtrermMHr+Hz8F3nF2dVVK","action":"Commit Request", "result":"", "context":Item count: 1
Contributing types: Sessions}
{"logTime": "1213/171122", "correlationVector":"vtrermMHr+Hz8F3nF2dVVK.1","action":"SyncServerConnectionManagerRequest", "result":"SYNC_SERVER_OK", "context":{"environment":"Prod_southeastasia_prod-s01-064-apac-southeastasia", "migrationStage":"NotStarted", "server":"akswtt00300000v"}}
{"logTime": "1213/171122", "correlationVector":"vtrermMHr+Hz8F3nF2dVVK.2","action":"Commit Response", "result":"Success", "context":Result: Success. cV=vtrermMHr+Hz8F3nF2dVVK.0;server=akswtt00300000v;cloudType=Consumer;environment=Prod_southeastasia_prod-s01-064-apac-southeastasia;migrationStage=NotStarted}
{"logTime": "1213/171248", "correlationVector":"stdKp6Ef9NcFUzpAparqI0","action":"Commit Request", "result":"", "context":Item count: 1
Contributing types: Sessions}
{"logTime": "1213/171249", "correlationVector":"stdKp6Ef9NcFUzpAparqI0.1","action":"SyncServerConnectionManagerRequest", "result":"SYNC_SERVER_OK", "context":{"environment":"Prod_southeastasia_prod-s01-064-apac-southeastasia", "migrationStage":"NotStarted", "server":"akswtt00300000v"}}
{"logTime": "1213/171249", "correlationVector":"stdKp6Ef9NcFUzpAparqI0.2","action":"Commit Response", "result":"Success", "context":Result: Success. cV=stdKp6Ef9NcFUzpAparqI0.0;server=akswtt00300000v;cloudType=Consumer;environment=Prod_southeastasia_prod-s01-064-apac-southeastasia;migrationStage=NotStarted}
{"logTime": "1213/171325", "correlationVector":"l+gzUKlIESCVVWj/EeaX/v","action":"Commit Request", "result":"", "context":Item count: 1
Contributing types: Sessions}
{"logTime": "1213/171326", "correlationVector":"l+gzUKlIESCVVWj/EeaX/v.1","action":"SyncServerConnectionManagerRequest", "result":"SYNC_SERVER_OK", "context":{"environment":"Prod_southeastasia_prod-s01-064-apac-southeastasia", "migrationStage":"NotStarted", "server":"akswtt00300000v"}}
{"logTime": "1213/171326", "correlationVector":"l+gzUKlIESCVVWj/EeaX/v.2","action":"Commit Response", "result":"Success", "context":Result: Success. cV=l+gzUKlIESCVVWj/EeaX/v.0;server=akswtt00300000v;cloudType=Consumer;environment=Prod_southeastasia_prod-s01-064-apac-southeastasia;migrationStage=NotStarted}
{"logTime": "1213/171447", "correlationVector":"Qx41gHPRb53kBnbafDQt6X","action":"Commit Request", "result":"", "context":Item count: 1
Contributing types: Sessions}
{"logTime": "1213/171447", "correlationVector":"Qx41gHPRb53kBnbafDQt6X.1","action":"SyncServerConnectionManagerRequest", "result":"SYNC_SERVER_OK", "context":{"environment":"Prod_southeastasia_prod-s01-064-apac-southeastasia", "migrationStage":"NotStarted", "server":"akswtt003000002"}}
{"logTime": "1213/171447", "correlationVector":"Qx41gHPRb53kBnbafDQt6X.2","action":"Commit Response", "result":"Success", "context":Result: Success. cV=Qx41gHPRb53kBnbafDQt6X.0;server=akswtt003000002;cloudType=Consumer;environment=Prod_southeastasia_prod-s01-064-apac-southeastasia;migrationStage=NotStarted}
{"logTime": "1213/171630", "correlationVector":"lWZ50s5LPvDSuBFKs8YlId","action":"Commit Request", "result":"", "context":Item count: 1
Contributing types: Sessions}
{"logTime": "1213/171630", "correlationVector":"lWZ50s5LPvDSuBFKs8YlId.1","action":"SyncServerConnectionManagerRequest", "result":"SYNC_SERVER_OK", "context":{"environment":"Prod_southeastasia_prod-s01-064-apac-southeastasia", "migrationStage":"NotStarted", "server":"akswtt00300000x"}}
{"logTime": "1213/171630", "correlationVector":"lWZ50s5LPvDSuBFKs8YlId.2","action":"Commit Response", "result":"Success", "context":Result: Success. cV=lWZ50s5LPvDSuBFKs8YlId.0;server=akswtt00300000x;cloudType=Consumer;environment=Prod_southeastasia_prod-s01-064-apac-southeastasia;migrationStage=NotStarted}
{"logTime": "1213/171759", "correlationVector":"fxzu8LwZPptzpZI77vwZ46","action":"Commit Request", "result":"", "context":Item count: 1
Contributing types: Sessions}
{"logTime": "1213/171800", "correlationVector":"fxzu8LwZPptzpZI77vwZ46.1","action":"SyncServerConnectionManagerRequest", "result":"SYNC_SERVER_OK", "context":{"environment":"Prod_southeastasia_prod-s01-064-apac-southeastasia", "migrationStage":"NotStarted", "server":"akswtt003000002"}}
{"logTime": "1213/171800", "correlationVector":"fxzu8LwZPptzpZI77vwZ46.2","action":"Commit Response", "result":"Success", "context":Result: Success. cV=fxzu8LwZPptzpZI77vwZ46.0;server=akswtt003000002;cloudType=Consumer;environment=Prod_southeastasia_prod-s01-064-apac-southeastasia;migrationStage=NotStarted}
{"logTime": "1213/171841", "correlationVector":"jidhpiYC6TkZMlj8iU7byW","action":"Commit Request", "result":"", "context":Item count: 1
Contributing types: Sessions}
{"logTime": "1213/171842", "correlationVector":"jidhpiYC6TkZMlj8iU7byW.1","action":"SyncServerConnectionManagerRequest", "result":"SYNC_SERVER_OK", "context":{"environment":"Prod_southeastasia_prod-s01-064-apac-southeastasia", "migrationStage":"NotStarted", "server":"akswtt00300000v"}}
{"logTime": "1213/171842", "correlationVector":"jidhpiYC6TkZMlj8iU7byW.2","action":"Commit Response", "result":"Success", "context":Result: Success. cV=jidhpiYC6TkZMlj8iU7byW.0;server=akswtt00300000v;cloudType=Consumer;environment=Prod_southeastasia_prod-s01-064-apac-southeastasia;migrationStage=NotStarted}
{"logTime": "1213/172414", "correlationVector":"yB8Meyye0tzvvUOWsedaxj","action":"Commit Request", "result":"", "context":Item count: 1
Contributing types: Sessions}
{"logTime": "1213/172415", "correlationVector":"yB8Meyye0tzvvUOWsedaxj.1","action":"SyncServerConnectionManagerRequest", "result":"SYNC_SERVER_OK", "context":{"environment":"Prod_southeastasia_prod-s01-064-apac-southeastasia", "migrationStage":"NotStarted", "server":"akswtt00300001f"}}
{"logTime": "1213/172415", "correlationVector":"yB8Meyye0tzvvUOWsedaxj.2","action":"Commit Response", "result":"Success", "context":Result: Success. cV=yB8Meyye0tzvvUOWsedaxj.0;server=akswtt00300001f;cloudType=Consumer;environment=Prod_southeastasia_prod-s01-064-apac-southeastasia;migrationStage=NotStarted}
{"logTime": "1213/172720", "correlationVector":"jChmbHOUpgkvhQmxcPhJE4","action":"Commit Request", "result":"", "context":Item count: 1
Contributing types: Sessions}
{"logTime": "1213/172720", "correlationVector":"jChmbHOUpgkvhQmxcPhJE4.1","action":"SyncServerConnectionManagerRequest", "result":"SYNC_SERVER_OK", "context":{"environment":"Prod_southeastasia_prod-s01-064-apac-southeastasia", "migrationStage":"NotStarted", "server":"akswtt00300001m"}}
{"logTime": "1213/172720", "correlationVector":"jChmbHOUpgkvhQmxcPhJE4.2","action":"Commit Response", "result":"Success", "context":Result: Success. cV=jChmbHOUpgkvhQmxcPhJE4.0;server=akswtt00300001m;cloudType=Consumer;environment=Prod_southeastasia_prod-s01-064-apac-southeastasia;migrationStage=NotStarted}
{"logTime": "1213/172936", "correlationVector":"JBVi4JNhS1Y5dKRnpsrXLo","action":"Commit Request", "result":"", "context":Item count: 1
Contributing types: Sessions}
{"logTime": "1213/172936", "correlationVector":"JBVi4JNhS1Y5dKRnpsrXLo.1","action":"SyncServerConnectionManagerRequest", "result":"SYNC_SERVER_OK", "context":{"environment":"Prod_southeastasia_prod-s01-064-apac-southeastasia", "migrationStage":"NotStarted", "server":"akswtt00300000z"}}
{"logTime": "1213/172936", "correlationVector":"JBVi4JNhS1Y5dKRnpsrXLo.2","action":"Commit Response", "result":"Success", "context":Result: Success. cV=JBVi4JNhS1Y5dKRnpsrXLo.0;server=akswtt00300000z;cloudType=Consumer;environment=Prod_southeastasia_prod-s01-064-apac-southeastasia;migrationStage=NotStarted}
{"logTime": "1213/173740", "correlationVector":"R/D+/J0C1hpx4GdiC8eaLY","action":"Commit Request", "result":"", "context":Item count: 1
Contributing types: Sessions}
{"logTime": "1213/173741", "correlationVector":"R/D+/J0C1hpx4GdiC8eaLY.1","action":"SyncServerConnectionManagerRequest", "result":"SYNC_SERVER_OK", "context":{"environment":"Prod_southeastasia_prod-s01-064-apac-southeastasia", "migrationStage":"NotStarted", "server":"akswtt003000025"}}
{"logTime": "1213/173741", "correlationVector":"R/D+/J0C1hpx4GdiC8eaLY.2","action":"Commit Response", "result":"Success", "context":Result: Success. cV=R/D+/J0C1hpx4GdiC8eaLY.0;server=akswtt003000025;cloudType=Consumer;environment=Prod_southeastasia_prod-s01-064-apac-southeastasia;migrationStage=NotStarted}
{"logTime": "1213/174443", "correlationVector":"nq5Sm6UsKZLp9VfVGfheEb","action":"Commit Request", "result":"", "context":Item count: 1
Contributing types: Sessions}
{"logTime": "1213/174444", "correlationVector":"nq5Sm6UsKZLp9VfVGfheEb.1","action":"SyncServerConnectionManagerRequest", "result":"SYNC_SERVER_OK", "context":{"environment":"Prod_southeastasia_prod-s01-064-apac-southeastasia", "migrationStage":"NotStarted", "server":"akswtt003000002"}}
{"logTime": "1213/174444", "correlationVector":"nq5Sm6UsKZLp9VfVGfheEb.2","action":"Commit Response", "result":"Success", "context":Result: Success. cV=nq5Sm6UsKZLp9VfVGfheEb.0;server=akswtt003000002;cloudType=Consumer;environment=Prod_southeastasia_prod-s01-064-apac-southeastasia;migrationStage=NotStarted}
{"logTime": "1213/174534", "correlationVector":"W1X5TodH5qPdWC3OBMqGjN","action":"Commit Request", "result":"", "context":Item count: 1
Contributing types: Sessions}
{"logTime": "1213/174535", "correlationVector":"W1X5TodH5qPdWC3OBMqGjN.1","action":"SyncServerConnectionManagerRequest", "result":"SYNC_SERVER_OK", "context":{"environment":"Prod_southeastasia_prod-s01-064-apac-southeastasia", "migrationStage":"NotStarted", "server":"akswtt00300000o"}}
{"logTime": "1213/174535", "correlationVector":"W1X5TodH5qPdWC3OBMqGjN.2","action":"Commit Response", "result":"Success", "context":Result: Success. cV=W1X5TodH5qPdWC3OBMqGjN.0;server=akswtt00300000o;cloudType=Consumer;environment=Prod_southeastasia_prod-s01-064-apac-southeastasia;migrationStage=NotStarted}
{"logTime": "1213/174752", "correlationVector":"a6Fgv53bQLSkhyLeIWf/xf","action":"Commit Request", "result":"", "context":Item count: 1
Contributing types: Sessions}
{"logTime": "1213/174753", "correlationVector":"a6Fgv53bQLSkhyLeIWf/xf.1","action":"SyncServerConnectionManagerRequest", "result":"SYNC_SERVER_OK", "context":{"environment":"Prod_southeastasia_prod-s01-064-apac-southeastasia", "migrationStage":"NotStarted", "server":"akswtt00300001y"}}
{"logTime": "1213/174753", "correlationVector":"a6Fgv53bQLSkhyLeIWf/xf.2","action":"Commit Response", "result":"Success", "context":Result: Success. cV=a6Fgv53bQLSkhyLeIWf/xf.0;server=akswtt00300001y;cloudType=Consumer;environment=Prod_southeastasia_prod-s01-064-apac-southeastasia;migrationStage=NotStarted}
{"logTime": "1213/174935", "correlationVector":"sZjwZWS8WfWc6J5kixz72J","action":"Commit Request", "result":"", "context":Item count: 1
Contributing types: Sessions}
{"logTime": "1213/174936", "correlationVector":"sZjwZWS8WfWc6J5kixz72J.1","action":"SyncServerConnectionManagerRequest", "result":"SYNC_SERVER_OK", "context":{"environment":"Prod_southeastasia_prod-s01-064-apac-southeastasia", "migrationStage":"NotStarted", "server":"akswtt00300002l"}}
{"logTime": "1213/174936", "correlationVector":"sZjwZWS8WfWc6J5kixz72J.2","action":"Commit Response", "result":"Success", "context":Result: Success. cV=sZjwZWS8WfWc6J5kixz72J.0;server=akswtt00300002l;cloudType=Consumer;environment=Prod_southeastasia_prod-s01-064-apac-southeastasia;migrationStage=NotStarted}
{"logTime": "1213/175104", "correlationVector":"3uMvjlD8J9GSGtWNcdJFI7","action":"Commit Request", "result":"", "context":Item count: 1
Contributing types: Sessions}
{"logTime": "1213/175105", "correlationVector":"3uMvjlD8J9GSGtWNcdJFI7.1","action":"SyncServerConnectionManagerRequest", "result":"SYNC_SERVER_OK", "context":{"environment":"Prod_southeastasia_prod-s01-064-apac-southeastasia", "migrationStage":"NotStarted", "server":"akswtt00300001y"}}
{"logTime": "1213/175105", "correlationVector":"3uMvjlD8J9GSGtWNcdJFI7.2","action":"Commit Response", "result":"Success", "context":Result: Success. cV=3uMvjlD8J9GSGtWNcdJFI7.0;server=akswtt00300001y;cloudType=Consumer;environment=Prod_southeastasia_prod-s01-064-apac-southeastasia;migrationStage=NotStarted}
{"logTime": "1213/175153", "correlationVector":"x3RYSg58OYrtsBzm24QR+S","action":"Commit Request", "result":"", "context":Item count: 1
Contributing types: Sessions}
{"logTime": "1213/175154", "correlationVector":"x3RYSg58OYrtsBzm24QR+S.1","action":"SyncServerConnectionManagerRequest", "result":"SYNC_SERVER_OK", "context":{"environment":"Prod_southeastasia_prod-s01-064-apac-southeastasia", "migrationStage":"NotStarted", "server":"akswtt00300002l"}}
{"logTime": "1213/175154", "correlationVector":"x3RYSg58OYrtsBzm24QR+S.2","action":"Commit Response", "result":"Success", "context":Result: Success. cV=x3RYSg58OYrtsBzm24QR+S.0;server=akswtt00300002l;cloudType=Consumer;environment=Prod_southeastasia_prod-s01-064-apac-southeastasia;migrationStage=NotStarted}
