2024-12-13 16:12:21.037: [INFO][Sync] Reset engine, reason: 8
2024-12-13 16:12:21.037: [INFO][Sync] Stopped: Bookmarks
2024-12-13 16:12:21.037: [INFO][Sync] Stopped: Preferences
2024-12-13 16:12:21.037: [INFO][Sync] Stopped: Passwords
2024-12-13 16:12:21.037: [INFO][Sync] Stopped: Autofill Profiles
2024-12-13 16:12:21.037: [INFO][Sync] Stopped: Autofill
2024-12-13 16:12:21.037: [INFO][Sync] Stopped: Typed URLs
2024-12-13 16:12:21.037: [INFO][Sync] Stopped: Extensions
2024-12-13 16:12:21.037: [INFO][Sync] Stopped: Sessions
2024-12-13 16:12:21.037: [INFO][Sync] Stopped: Extension settings
2024-12-13 16:12:21.037: [INFO][Sync] Stopped: History Delete Directives
2024-12-13 16:12:21.037: [INFO][Sync] Stopped: Device Info
2024-12-13 16:12:21.037: [INFO][Sync] Stopped: User Consents
2024-12-13 16:12:21.037: [INFO][Sync] Stopped: Send Tab To Self
2024-12-13 16:12:21.037: [INFO][Sync] Stopped: Web Apps
2024-12-13 16:12:21.037: [INFO][Sync] Stopped: History
2024-12-13 16:12:21.037: [INFO][Sync] Stopped: Collection
2024-12-13 16:12:21.037: [INFO][Sync] Stopped: Edge E Drop
2024-12-13 16:12:21.037: [INFO][Sync] Stopped: Edge Hub App Usage
2024-12-13 16:12:21.037: [INFO][Sync] Stopped: Edge Tab Group
2024-12-13 16:12:21.037: [INFO][Sync] Stopped: Edge Wallet
2024-12-13 16:12:21.037: [INFO][Sync] SyncState after authenticated was: NotSignedIn
2024-12-13 16:12:21.372: [INFO][Sync] Reset engine, reason: 8
2024-12-13 16:12:21.372: [INFO][Sync] Stopped: Bookmarks
2024-12-13 16:12:21.372: [INFO][Sync] Stopped: Preferences
2024-12-13 16:12:21.372: [INFO][Sync] Stopped: Passwords
2024-12-13 16:12:21.372: [INFO][Sync] Stopped: Autofill Profiles
2024-12-13 16:12:21.373: [INFO][Sync] Stopped: Autofill
2024-12-13 16:12:21.373: [INFO][Sync] Stopped: Typed URLs
2024-12-13 16:12:21.373: [INFO][Sync] Stopped: Extensions
2024-12-13 16:12:21.373: [INFO][Sync] Stopped: Sessions
2024-12-13 16:12:21.373: [INFO][Sync] Stopped: Extension settings
2024-12-13 16:12:21.373: [INFO][Sync] Stopped: History Delete Directives
2024-12-13 16:12:21.373: [INFO][Sync] Stopped: Device Info
2024-12-13 16:12:21.373: [INFO][Sync] Stopped: User Consents
2024-12-13 16:12:21.373: [INFO][Sync] Stopped: Send Tab To Self
2024-12-13 16:12:21.373: [INFO][Sync] Stopped: Web Apps
2024-12-13 16:12:21.373: [INFO][Sync] Stopped: History
2024-12-13 16:12:21.373: [INFO][Sync] Stopped: Collection
2024-12-13 16:12:21.373: [INFO][Sync] Stopped: Edge E Drop
2024-12-13 16:12:21.373: [INFO][Sync] Stopped: Edge Hub App Usage
2024-12-13 16:12:21.373: [INFO][Sync] Stopped: Edge Tab Group
2024-12-13 16:12:21.373: [INFO][Sync] Stopped: Edge Wallet
2024-12-13 16:12:21.534: [INFO][Sync] Try to start sync engine
2024-12-13 16:12:21.536: [INFO][SyncManagerImpl::NudgeForInitialDownload] Initial download nudge for Encryption Keys
2024-12-13 16:12:21.536: [INFO][SyncEngineBackend::LoadAndConnectNigoriController] Load and connect Nigori controller
2024-12-13 16:12:21.536: [INFO][SyncEngineBackend::DoInitialize] Control Types added: Encryption Keys
2024-12-13 16:12:21.536: [INFO][SyncManagerImpl::ConfigureSyncer] Types to download: Encryption Keys with reason: 3
2024-12-13 16:12:21.536: [INFO][SyncSchedulerImpl::DoConfigurationSyncCycleJob] Configure job was blocked
2024-12-13 16:12:21.808: [INFO][SyncAuthManager::SetLastAuthError] Current auth error: None
2024-12-13 16:12:21.809: [INFO][SyncAuthManager::EdgeLogTokenErrorState] Token error with: None for account type: MSA
2024-12-13 16:12:21.809: [INFO][Sync] Credentials changed for: EdgeSyncScopeNew
2024-12-13 16:12:23.974: [INFO][SyncAuthManager::SetLastAuthError] Current auth error: None
2024-12-13 16:12:23.974: [INFO][SyncAuthManager::EdgeLogTokenErrorState] Token error with: None for account type: MSA
2024-12-13 16:12:23.974: [INFO][Sync] Credentials changed for: EdgeSyncKeyDataScope
2024-12-13 16:12:23.974: [INFO][SyncEngineBackend::DoUpdateKeyDataCredentials] Update key data credentials
2024-12-13 16:12:23.974: [INFO][SyncEngineBackend::DoUpdateCredentials] Update credentials
2024-12-13 16:12:23.974: [INFO][SyncSchedulerImpl::DoConfigurationSyncCycleJob] Blocked types:  and types to download: Encryption Keys
2024-12-13 16:12:25.767: [INFO][Sync] Started DataTypeManager configuration, reason: 4
2024-12-13 16:12:25.767: [INFO][Sync] Configuring for: Bookmarks, Preferences, Passwords, Autofill Profiles, Autofill, Typed URLs, Extensions, Sessions, Extension settings, History Delete Directives, Device Info, User Consents, Send Tab To Self, Web Apps, Collection, Edge E Drop, Edge Hub App Usage, Edge Tab Group, Edge Wallet, Encryption Keys, reason: 3, current state: 0
2024-12-13 16:12:25.768: [INFO][Sync] Configure, desired: Bookmarks, Preferences, Typed URLs, Extensions, Sessions, Extension settings, History Delete Directives, Device Info, User Consents, Send Tab To Self, Web Apps, Collection, Edge E Drop, Edge Hub App Usage, Edge Tab Group, Edge Wallet, Encryption Keys; Allow fail: Passwords, Autofill Profiles, Autofill
2024-12-13 16:12:25.768: [INFO][Sync] Loading: Bookmarks
2024-12-13 16:12:25.768: [INFO][Sync] Loading: Preferences
2024-12-13 16:12:25.768: [INFO][Sync] Loading: Typed URLs
2024-12-13 16:12:25.768: [INFO][Sync] Loading: Extensions
2024-12-13 16:12:25.768: [INFO][Sync] Loading: Sessions
2024-12-13 16:12:25.768: [INFO][Sync] Loading: Extension settings
2024-12-13 16:12:25.768: [INFO][Sync] Loading: History Delete Directives
2024-12-13 16:12:25.769: [INFO][Sync] Loading: Device Info
2024-12-13 16:12:25.769: [INFO][Sync] Loading: User Consents
2024-12-13 16:12:25.769: [INFO][Sync] Loading: Send Tab To Self
2024-12-13 16:12:25.769: [INFO][Sync] Loading: Web Apps
2024-12-13 16:12:25.769: [INFO][Sync] Loading: Collection
2024-12-13 16:12:25.769: [INFO][Sync] Loading: Edge E Drop
2024-12-13 16:12:25.769: [INFO][Sync] Loading: Edge Hub App Usage
2024-12-13 16:12:25.769: [INFO][Sync] Loading: Edge Tab Group
2024-12-13 16:12:25.769: [INFO][Sync] Loading: Edge Wallet
2024-12-13 16:12:25.779: [INFO][Sync] All data types are ready for configure.
2024-12-13 16:12:26.763: [INFO][Sync] Started DataTypeManager configuration, reason: 5
2024-12-13 16:12:26.763: [INFO][Sync] Configuring for: Bookmarks, Preferences, Passwords, Autofill Profiles, Autofill, Typed URLs, Extensions, Sessions, Extension settings, History Delete Directives, Device Info, User Consents, Send Tab To Self, Web Apps, Collection, Edge E Drop, Edge Hub App Usage, Edge Tab Group, Edge Wallet, Encryption Keys, reason: 5, current state: 1
2024-12-13 16:12:26.763: [INFO][SyncEngineBackend::DoStartConfiguration] Start configuration
2024-12-13 16:12:26.763: [INFO][SyncManagerImpl::NudgeForInitialDownload] Initial download nudge for Bookmarks
2024-12-13 16:12:26.763: [INFO][SyncManagerImpl::NudgeForInitialDownload] Initial download nudge for Preferences
2024-12-13 16:12:26.763: [INFO][SyncManagerImpl::NudgeForInitialDownload] Initial download nudge for Typed URLs
2024-12-13 16:12:26.763: [INFO][SyncManagerImpl::NudgeForInitialDownload] Initial download nudge for Extensions
2024-12-13 16:12:26.763: [INFO][SyncManagerImpl::NudgeForInitialDownload] Initial download nudge for Sessions
2024-12-13 16:12:26.763: [INFO][SyncManagerImpl::NudgeForInitialDownload] Initial download nudge for Extension settings
2024-12-13 16:12:26.763: [INFO][SyncManagerImpl::NudgeForInitialDownload] Initial download nudge for History Delete Directives
2024-12-13 16:12:26.764: [INFO][SyncManagerImpl::NudgeForInitialDownload] Initial download nudge for Device Info
2024-12-13 16:12:26.764: [INFO][SyncManagerImpl::NudgeForInitialDownload] Initial download nudge for Send Tab To Self
2024-12-13 16:12:26.764: [INFO][SyncManagerImpl::NudgeForInitialDownload] Initial download nudge for Web Apps
2024-12-13 16:12:26.764: [INFO][SyncManagerImpl::NudgeForInitialDownload] Initial download nudge for Collection
2024-12-13 16:12:26.764: [INFO][SyncManagerImpl::NudgeForInitialDownload] Initial download nudge for Edge E Drop
2024-12-13 16:12:26.764: [INFO][SyncManagerImpl::NudgeForInitialDownload] Initial download nudge for Edge Hub App Usage
2024-12-13 16:12:26.764: [INFO][SyncManagerImpl::NudgeForInitialDownload] Initial download nudge for Edge Tab Group
2024-12-13 16:12:26.764: [INFO][SyncManagerImpl::NudgeForInitialDownload] Initial download nudge for Edge Wallet
2024-12-13 16:12:26.764: [INFO][SyncManagerImpl::ConfigureSyncer] Types to download:  with reason: 3
2024-12-13 16:12:26.764: [INFO][SyncEngineBackend::DoFinishConfigureDataTypes] Failed to download types:  and succeeded types: 
2024-12-13 16:12:26.765: [INFO][Sync] ConfigurationDone, failed: , succeeded: , remaining count: 3
2024-12-13 16:12:26.765: [WARN][Sync]     Reconfigure requested while configuration ongoing.
2024-12-13 16:12:26.765: [INFO][Sync] Configuring for: Bookmarks, Preferences, Passwords, Autofill Profiles, Autofill, Typed URLs, Extensions, Sessions, Extension settings, History Delete Directives, Device Info, User Consents, Send Tab To Self, Web Apps, Collection, Edge E Drop, Edge Hub App Usage, Edge Tab Group, Edge Wallet, Encryption Keys, reason: 5, current state: 2
2024-12-13 16:12:26.765: [INFO][Sync] Configure, desired: Bookmarks, Preferences, Passwords, Autofill Profiles, Autofill, Typed URLs, Extensions, Sessions, Extension settings, History Delete Directives, Device Info, User Consents, Send Tab To Self, Web Apps, Collection, Edge E Drop, Edge Hub App Usage, Edge Tab Group, Edge Wallet, Encryption Keys; Allow fail: 
2024-12-13 16:12:26.765: [INFO][Sync] Loading: Passwords
2024-12-13 16:12:26.765: [INFO][Sync] Loading: Autofill Profiles
2024-12-13 16:12:26.765: [INFO][Sync] Loading: Autofill
2024-12-13 16:12:26.767: [INFO][Sync] All data types are ready for configure.
2024-12-13 16:12:26.767: [INFO][SyncManagerImpl::NudgeForInitialDownload] Initial download nudge for Passwords
2024-12-13 16:12:26.767: [INFO][SyncManagerImpl::NudgeForInitialDownload] Initial download nudge for Autofill Profiles
2024-12-13 16:12:26.767: [INFO][SyncManagerImpl::NudgeForInitialDownload] Initial download nudge for Autofill
2024-12-13 16:12:26.767: [INFO][SyncManagerImpl::ConfigureSyncer] Types to download:  with reason: 5
2024-12-13 16:12:26.767: [INFO][SyncEngineBackend::DoFinishConfigureDataTypes] Failed to download types:  and succeeded types: 
2024-12-13 16:12:26.767: [INFO][Sync] ConfigurationDone, failed: , succeeded: , remaining count: 3
2024-12-13 16:12:26.767: [INFO][Sync] Prepare to configure types: Preferences, Passwords, Device Info, Send Tab To Self, Edge E Drop, Encryption Keys
2024-12-13 16:12:26.768: [INFO][SyncManagerImpl::ConfigureSyncer] Types to download: Preferences, Passwords, Device Info, Send Tab To Self, Edge E Drop, Encryption Keys with reason: 5
2024-12-13 16:12:26.768: [INFO][SyncSchedulerImpl::DoConfigurationSyncCycleJob] Blocked types:  and types to download: Preferences, Passwords, Device Info, Send Tab To Self, Edge E Drop, Encryption Keys
2024-12-13 16:12:27.636: [INFO][SyncEngineBackend::DoFinishConfigureDataTypes] Failed to download types:  and succeeded types: Preferences, Passwords, Device Info, Send Tab To Self, Edge E Drop, Encryption Keys
2024-12-13 16:12:27.638: [INFO][Sync] ConfigurationDone, failed: , succeeded: Preferences, Passwords, Device Info, Send Tab To Self, Edge E Drop, Encryption Keys, remaining count: 2
2024-12-13 16:12:27.639: [INFO][Sync] Prepare to configure types: Bookmarks, Encryption Keys
2024-12-13 16:12:27.639: [INFO][SyncManagerImpl::ConfigureSyncer] Types to download: Bookmarks, Encryption Keys with reason: 5
2024-12-13 16:12:27.639: [INFO][SyncSchedulerImpl::DoConfigurationSyncCycleJob] Blocked types:  and types to download: Bookmarks, Encryption Keys
2024-12-13 16:12:28.029: [INFO][SyncEngineBackend::DoFinishConfigureDataTypes] Failed to download types:  and succeeded types: Bookmarks, Encryption Keys
2024-12-13 16:12:28.031: [INFO][Sync] ConfigurationDone, failed: , succeeded: Bookmarks, Encryption Keys, remaining count: 1
2024-12-13 16:12:28.033: [INFO][Sync] Prepare to configure types: Autofill Profiles, Autofill, Typed URLs, Extensions, Sessions, Extension settings, History Delete Directives, Web Apps, Collection, Edge Hub App Usage, Edge Tab Group, Edge Wallet, Encryption Keys
2024-12-13 16:12:28.033: [INFO][SyncManagerImpl::ConfigureSyncer] Types to download: Autofill Profiles, Autofill, Typed URLs, Extensions, Sessions, Extension settings, History Delete Directives, Web Apps, Collection, Edge Hub App Usage, Edge Tab Group, Edge Wallet, Encryption Keys with reason: 5
2024-12-13 16:12:28.033: [INFO][SyncSchedulerImpl::DoConfigurationSyncCycleJob] Blocked types:  and types to download: Autofill Profiles, Autofill, Typed URLs, Extensions, Sessions, Extension settings, History Delete Directives, Web Apps, Collection, Edge Hub App Usage, Edge Tab Group, Edge Wallet, Encryption Keys
2024-12-13 16:12:30.387: [INFO][SyncEngineBackend::DoFinishConfigureDataTypes] Failed to download types:  and succeeded types: Autofill Profiles, Autofill, Typed URLs, Extensions, Sessions, Extension settings, History Delete Directives, Web Apps, Collection, Edge Hub App Usage, Edge Tab Group, Edge Wallet, Encryption Keys
2024-12-13 16:12:30.401: [INFO][Sync] ConfigurationDone, failed: , succeeded: Autofill Profiles, Autofill, Typed URLs, Extensions, Sessions, Extension settings, History Delete Directives, Web Apps, Collection, Edge Hub App Usage, Edge Tab Group, Edge Wallet, Encryption Keys, remaining count: 0
2024-12-13 16:12:30.402: [INFO][Sync]     Configuration completed, state: 7
2024-12-13 16:12:30.402: [INFO][Sync] Configured DataTypeManager: Ok
2024-12-13 16:12:30.404: [INFO][SyncEngineBackend::DoStartSyncing] Start syncing
2024-12-14 05:28:34.510: [INFO][Sync] SyncState after authenticated was: FeatureCanStart
2024-12-14 05:28:35.153: [INFO][Sync] Try to start sync engine
2024-12-14 05:28:35.155: [INFO][SyncManagerImpl::NudgeForInitialDownload] Initial download nudge for Encryption Keys
2024-12-14 05:28:35.155: [INFO][SyncEngineBackend::LoadAndConnectNigoriController] Load and connect Nigori controller
2024-12-14 05:28:35.155: [INFO][SyncEngineBackend::DoInitialize] Control Types added: Encryption Keys
2024-12-14 05:28:35.155: [INFO][SyncManagerImpl::ConfigureSyncer] Types to download: Encryption Keys with reason: 3
2024-12-14 05:28:35.155: [INFO][SyncSchedulerImpl::DoConfigurationSyncCycleJob] Configure job was blocked
2024-12-14 05:28:35.167: [INFO][SyncAuthManager::SetLastAuthError] Current auth error: PERSISTENT_ERROR, EDGE_AUTH_ERROR: 3, 13, 80860006
2024-12-14 05:28:35.167: [INFO][Sync] Credentials changed for: EdgeSyncScopeNew
2024-12-14 05:28:35.167: [ERROR][Sync]     Engine is not allowed to run, reason: 000000
2024-12-14 05:28:35.167: [INFO][Sync] Reset engine, reason: 6
2024-12-14 05:28:35.167: [INFO][Sync] Stopped: Bookmarks
2024-12-14 05:28:35.167: [INFO][Sync] Stopped: Preferences
2024-12-14 05:28:35.167: [INFO][Sync] Stopped: Passwords
2024-12-14 05:28:35.167: [INFO][Sync] Stopped: Autofill Profiles
2024-12-14 05:28:35.167: [INFO][Sync] Stopped: Autofill
2024-12-14 05:28:35.167: [INFO][Sync] Stopped: Typed URLs
2024-12-14 05:28:35.167: [INFO][Sync] Stopped: Extensions
2024-12-14 05:28:35.167: [INFO][Sync] Stopped: Sessions
2024-12-14 05:28:35.167: [INFO][Sync] Stopped: Extension settings
2024-12-14 05:28:35.167: [INFO][Sync] Stopped: History Delete Directives
2024-12-14 05:28:35.167: [INFO][Sync] Stopped: Device Info
2024-12-14 05:28:35.167: [INFO][Sync] Stopped: User Consents
2024-12-14 05:28:35.167: [INFO][Sync] Stopped: Send Tab To Self
2024-12-14 05:28:35.167: [INFO][Sync] Stopped: Web Apps
2024-12-14 05:28:35.167: [INFO][Sync] Stopped: History
2024-12-14 05:28:35.167: [INFO][Sync] Stopped: Collection
2024-12-14 05:28:35.167: [INFO][Sync] Stopped: Edge E Drop
2024-12-14 05:28:35.168: [INFO][Sync] Stopped: Edge Hub App Usage
2024-12-14 05:28:35.168: [INFO][Sync] Stopped: Edge Tab Group
2024-12-14 05:28:35.168: [INFO][Sync] Stopped: Edge Wallet
2024-12-14 05:28:35.168: [INFO][Sync] Reset engine with reason: 6
2024-12-14 05:28:35.179: [INFO][SyncAuthManager::SetLastAuthError] Current auth error: PERSISTENT_ERROR, EDGE_AUTH_ERROR: 3, 13, 80860006
2024-12-14 05:28:35.179: [INFO][Sync] Credentials changed for: EdgeSyncKeyDataScope
2024-12-14 05:28:35.234: [INFO][SyncAuthManager::SetLastAuthError] Current auth error: PERSISTENT_ERROR, EDGE_AUTH_ERROR: 3, 13, 80860006
2024-12-14 05:28:35.234: [INFO][Sync] Credentials changed for: EdgeSyncScopeNew
2024-12-14 05:28:35.234: [ERROR][Sync]     Engine is not allowed to run, reason: 000000
2024-12-14 05:28:35.242: [INFO][Sync] Reset engine, reason: 6
2024-12-14 05:28:35.242: [INFO][Sync] Stopped: Bookmarks
2024-12-14 05:28:35.242: [INFO][Sync] Stopped: Preferences
2024-12-14 05:28:35.242: [INFO][Sync] Stopped: Passwords
2024-12-14 05:28:35.242: [INFO][Sync] Stopped: Autofill Profiles
2024-12-14 05:28:35.242: [INFO][Sync] Stopped: Autofill
2024-12-14 05:28:35.242: [INFO][Sync] Stopped: Typed URLs
2024-12-14 05:28:35.242: [INFO][Sync] Stopped: Extensions
2024-12-14 05:28:35.242: [INFO][Sync] Stopped: Sessions
2024-12-14 05:28:35.242: [INFO][Sync] Stopped: Extension settings
2024-12-14 05:28:35.242: [INFO][Sync] Stopped: History Delete Directives
2024-12-14 05:28:35.242: [INFO][Sync] Stopped: Device Info
2024-12-14 05:28:35.242: [INFO][Sync] Stopped: User Consents
2024-12-14 05:28:35.242: [INFO][Sync] Stopped: Send Tab To Self
2024-12-14 05:28:35.242: [INFO][Sync] Stopped: Web Apps
2024-12-14 05:28:35.242: [INFO][Sync] Stopped: History
2024-12-14 05:28:35.242: [INFO][Sync] Stopped: Collection
2024-12-14 05:28:35.242: [INFO][Sync] Stopped: Edge E Drop
2024-12-14 05:28:35.242: [INFO][Sync] Stopped: Edge Hub App Usage
2024-12-14 05:28:35.242: [INFO][Sync] Stopped: Edge Tab Group
2024-12-14 05:28:35.242: [INFO][Sync] Stopped: Edge Wallet
2024-12-14 05:28:35.242: [INFO][SyncAuthManager::SetLastAuthError] Current auth error: PERSISTENT_ERROR, EDGE_AUTH_ERROR: 3, 13, 80860006
2024-12-14 05:28:35.242: [INFO][Sync] Credentials changed for: EdgeSyncKeyDataScope
2024-12-14 07:34:35.140: [INFO][Sync] SyncState after authenticated was: FeatureCanStart
2024-12-14 07:34:35.753: [INFO][Sync] Try to start sync engine
2024-12-14 07:34:35.755: [INFO][SyncManagerImpl::NudgeForInitialDownload] Initial download nudge for Encryption Keys
2024-12-14 07:34:35.755: [INFO][SyncEngineBackend::LoadAndConnectNigoriController] Load and connect Nigori controller
2024-12-14 07:34:35.755: [INFO][SyncEngineBackend::DoInitialize] Control Types added: Encryption Keys
2024-12-14 07:34:35.755: [INFO][SyncManagerImpl::ConfigureSyncer] Types to download: Encryption Keys with reason: 3
2024-12-14 07:34:35.755: [INFO][SyncSchedulerImpl::DoConfigurationSyncCycleJob] Configure job was blocked
2024-12-14 07:34:35.784: [INFO][SyncAuthManager::SetLastAuthError] Current auth error: PERSISTENT_ERROR, EDGE_AUTH_ERROR: 3, 13, 80860006
2024-12-14 07:34:35.784: [INFO][Sync] Credentials changed for: EdgeSyncScopeNew
2024-12-14 07:34:35.784: [ERROR][Sync]     Engine is not allowed to run, reason: 000000
2024-12-14 07:34:35.784: [INFO][Sync] Reset engine, reason: 6
2024-12-14 07:34:35.784: [INFO][Sync] Stopped: Bookmarks
2024-12-14 07:34:35.784: [INFO][Sync] Stopped: Preferences
2024-12-14 07:34:35.784: [INFO][Sync] Stopped: Passwords
2024-12-14 07:34:35.784: [INFO][Sync] Stopped: Autofill Profiles
2024-12-14 07:34:35.784: [INFO][Sync] Stopped: Autofill
2024-12-14 07:34:35.784: [INFO][Sync] Stopped: Typed URLs
2024-12-14 07:34:35.784: [INFO][Sync] Stopped: Extensions
2024-12-14 07:34:35.784: [INFO][Sync] Stopped: Sessions
2024-12-14 07:34:35.784: [INFO][Sync] Stopped: Extension settings
2024-12-14 07:34:35.784: [INFO][Sync] Stopped: History Delete Directives
2024-12-14 07:34:35.784: [INFO][Sync] Stopped: Device Info
2024-12-14 07:34:35.784: [INFO][Sync] Stopped: User Consents
2024-12-14 07:34:35.784: [INFO][Sync] Stopped: Send Tab To Self
2024-12-14 07:34:35.784: [INFO][Sync] Stopped: Web Apps
2024-12-14 07:34:35.784: [INFO][Sync] Stopped: History
2024-12-14 07:34:35.784: [INFO][Sync] Stopped: Collection
2024-12-14 07:34:35.784: [INFO][Sync] Stopped: Edge E Drop
2024-12-14 07:34:35.784: [INFO][Sync] Stopped: Edge Hub App Usage
2024-12-14 07:34:35.784: [INFO][Sync] Stopped: Edge Tab Group
2024-12-14 07:34:35.784: [INFO][Sync] Stopped: Edge Wallet
2024-12-14 07:34:35.784: [INFO][Sync] Reset engine with reason: 6
2024-12-14 07:34:35.792: [INFO][SyncAuthManager::SetLastAuthError] Current auth error: PERSISTENT_ERROR, EDGE_AUTH_ERROR: 3, 13, 80860006
2024-12-14 07:34:35.792: [INFO][Sync] Credentials changed for: EdgeSyncKeyDataScope
2024-12-14 07:34:35.890: [INFO][SyncAuthManager::SetLastAuthError] Current auth error: PERSISTENT_ERROR, EDGE_AUTH_ERROR: 3, 13, 80860006
2024-12-14 07:34:35.890: [INFO][Sync] Credentials changed for: EdgeSyncScopeNew
2024-12-14 07:34:35.890: [ERROR][Sync]     Engine is not allowed to run, reason: 000000
2024-12-14 07:34:35.897: [INFO][Sync] Reset engine, reason: 6
2024-12-14 07:34:35.898: [INFO][Sync] Stopped: Bookmarks
2024-12-14 07:34:35.898: [INFO][Sync] Stopped: Preferences
2024-12-14 07:34:35.898: [INFO][Sync] Stopped: Passwords
2024-12-14 07:34:35.898: [INFO][Sync] Stopped: Autofill Profiles
2024-12-14 07:34:35.898: [INFO][Sync] Stopped: Autofill
2024-12-14 07:34:35.898: [INFO][Sync] Stopped: Typed URLs
2024-12-14 07:34:35.898: [INFO][Sync] Stopped: Extensions
2024-12-14 07:34:35.898: [INFO][Sync] Stopped: Sessions
2024-12-14 07:34:35.898: [INFO][Sync] Stopped: Extension settings
2024-12-14 07:34:35.898: [INFO][Sync] Stopped: History Delete Directives
2024-12-14 07:34:35.898: [INFO][Sync] Stopped: Device Info
2024-12-14 07:34:35.898: [INFO][Sync] Stopped: User Consents
2024-12-14 07:34:35.898: [INFO][Sync] Stopped: Send Tab To Self
2024-12-14 07:34:35.898: [INFO][Sync] Stopped: Web Apps
2024-12-14 07:34:35.898: [INFO][Sync] Stopped: History
2024-12-14 07:34:35.898: [INFO][Sync] Stopped: Collection
2024-12-14 07:34:35.898: [INFO][Sync] Stopped: Edge E Drop
2024-12-14 07:34:35.898: [INFO][Sync] Stopped: Edge Hub App Usage
2024-12-14 07:34:35.898: [INFO][Sync] Stopped: Edge Tab Group
2024-12-14 07:34:35.898: [INFO][Sync] Stopped: Edge Wallet
2024-12-14 07:34:35.898: [INFO][SyncAuthManager::SetLastAuthError] Current auth error: PERSISTENT_ERROR, EDGE_AUTH_ERROR: 3, 13, 80860006
2024-12-14 07:34:35.898: [INFO][Sync] Credentials changed for: EdgeSyncKeyDataScope
